Determining if the pthread_create exist failed with the following output:
Change Dir: /home/savan/Workspace/Summer/class_projects/DataVisualizations/IsoSurface/CMakeFiles/CMakeTmp

Run Build Command:"/usr/bin/make" "cmTC_672d1/fast"
/usr/bin/make -f CMakeFiles/cmTC_672d1.dir/build.make CMakeFiles/cmTC_672d1.dir/build
make[1]: Entering directory '/home/savan/Workspace/Summer/class_projects/DataVisualizations/IsoSurface/CMakeFiles/CMakeTmp'
Building C object CMakeFiles/cmTC_672d1.dir/CheckSymbolExists.c.o
/usr/bin/cc     -o CMakeFiles/cmTC_672d1.dir/CheckSymbolExists.c.o   -c /home/savan/Workspace/Summer/class_projects/DataVisualizations/IsoSurface/CMakeFiles/CMakeTmp/CheckSymbolExists.c
Linking C executable cmTC_672d1
/usr/bin/cmake -E cmake_link_script CMakeFiles/cmTC_672d1.dir/link.txt --verbose=1
/usr/bin/cc       CMakeFiles/cmTC_672d1.dir/CheckSymbolExists.c.o  -o cmTC_672d1 -rdynamic 
CMakeFiles/cmTC_672d1.dir/CheckSymbolExists.c.o:CheckSymbolExists.c:function main: error: undefined reference to 'pthread_create'
collect2: error: ld returned 1 exit status
CMakeFiles/cmTC_672d1.dir/build.make:97: recipe for target 'cmTC_672d1' failed
make[1]: *** [cmTC_672d1] Error 1
make[1]: Leaving directory '/home/savan/Workspace/Summer/class_projects/DataVisualizations/IsoSurface/CMakeFiles/CMakeTmp'
Makefile:126: recipe for target 'cmTC_672d1/fast' failed
make: *** [cmTC_672d1/fast] Error 2

File /home/savan/Workspace/Summer/class_projects/DataVisualizations/IsoSurface/CMakeFiles/CMakeTmp/CheckSymbolExists.c:
/* */
#include <pthread.h>

int main(int argc, char** argv)
{
  (void)argv;
#ifndef pthread_create
  return ((int*)(&pthread_create))[argc];
#else
  (void)argc;
  return 0;
#endif
}

Determining if the function pthread_create exists in the pthreads failed with the following output:
Change Dir: /home/savan/Workspace/Summer/class_projects/DataVisualizations/IsoSurface/CMakeFiles/CMakeTmp

Run Build Command:"/usr/bin/make" "cmTC_1ef64/fast"
/usr/bin/make -f CMakeFiles/cmTC_1ef64.dir/build.make CMakeFiles/cmTC_1ef64.dir/build
make[1]: Entering directory '/home/savan/Workspace/Summer/class_projects/DataVisualizations/IsoSurface/CMakeFiles/CMakeTmp'
Building C object CMakeFiles/cmTC_1ef64.dir/CheckFunctionExists.c.o
/usr/bin/cc    -DCHECK_FUNCTION_EXISTS=pthread_create   -o CMakeFiles/cmTC_1ef64.dir/CheckFunctionExists.c.o   -c /usr/share/cmake-3.5/Modules/CheckFunctionExists.c
Linking C executable cmTC_1ef64
/usr/bin/cmake -E cmake_link_script CMakeFiles/cmTC_1ef64.dir/link.txt --verbose=1
/usr/bin/cc   -DCHECK_FUNCTION_EXISTS=pthread_create    CMakeFiles/cmTC_1ef64.dir/CheckFunctionExists.c.o  -o cmTC_1ef64 -rdynamic -lpthreads 
/usr/bin/ld: error: cannot find -lpthreads
CMakeFiles/cmTC_1ef64.dir/CheckFunctionExists.c.o:CheckFunctionExists.c:function main: error: undefined reference to 'pthread_create'
collect2: error: ld returned 1 exit status
CMakeFiles/cmTC_1ef64.dir/build.make:97: recipe for target 'cmTC_1ef64' failed
make[1]: *** [cmTC_1ef64] Error 1
make[1]: Leaving directory '/home/savan/Workspace/Summer/class_projects/DataVisualizations/IsoSurface/CMakeFiles/CMakeTmp'
Makefile:126: recipe for target 'cmTC_1ef64/fast' failed
make: *** [cmTC_1ef64/fast] Error 2


Determining if the pthread_create exist failed with the following output:
Change Dir: /home/savan/Workspace/Summer/class_projects/DataVisualizations/SliceView/CMakeFiles/CMakeTmp

Run Build Command:"/usr/bin/make" "cmTC_06d2f/fast"
/usr/bin/make -f CMakeFiles/cmTC_06d2f.dir/build.make CMakeFiles/cmTC_06d2f.dir/build
make[1]: Entering directory '/home/savan/Workspace/Summer/class_projects/DataVisualizations/SliceView/CMakeFiles/CMakeTmp'
Building C object CMakeFiles/cmTC_06d2f.dir/CheckSymbolExists.c.o
/usr/bin/cc     -o CMakeFiles/cmTC_06d2f.dir/CheckSymbolExists.c.o   -c /home/savan/Workspace/Summer/class_projects/DataVisualizations/SliceView/CMakeFiles/CMakeTmp/CheckSymbolExists.c
Linking C executable cmTC_06d2f
/usr/bin/cmake -E cmake_link_script CMakeFiles/cmTC_06d2f.dir/link.txt --verbose=1
/usr/bin/cc       CMakeFiles/cmTC_06d2f.dir/CheckSymbolExists.c.o  -o cmTC_06d2f -rdynamic 
CMakeFiles/cmTC_06d2f.dir/CheckSymbolExists.c.o:CheckSymbolExists.c:function main: error: undefined reference to 'pthread_create'
collect2: error: ld returned 1 exit status
CMakeFiles/cmTC_06d2f.dir/build.make:97: recipe for target 'cmTC_06d2f' failed
make[1]: *** [cmTC_06d2f] Error 1
make[1]: Leaving directory '/home/savan/Workspace/Summer/class_projects/DataVisualizations/SliceView/CMakeFiles/CMakeTmp'
Makefile:126: recipe for target 'cmTC_06d2f/fast' failed
make: *** [cmTC_06d2f/fast] Error 2

File /home/savan/Workspace/Summer/class_projects/DataVisualizations/SliceView/CMakeFiles/CMakeTmp/CheckSymbolExists.c:
/* */
#include <pthread.h>

int main(int argc, char** argv)
{
  (void)argv;
#ifndef pthread_create
  return ((int*)(&pthread_create))[argc];
#else
  (void)argc;
  return 0;
#endif
}

Determining if the function pthread_create exists in the pthreads failed with the following output:
Change Dir: /home/savan/Workspace/Summer/class_projects/DataVisualizations/SliceView/CMakeFiles/CMakeTmp

Run Build Command:"/usr/bin/make" "cmTC_00b49/fast"
/usr/bin/make -f CMakeFiles/cmTC_00b49.dir/build.make CMakeFiles/cmTC_00b49.dir/build
make[1]: Entering directory '/home/savan/Workspace/Summer/class_projects/DataVisualizations/SliceView/CMakeFiles/CMakeTmp'
Building C object CMakeFiles/cmTC_00b49.dir/CheckFunctionExists.c.o
/usr/bin/cc    -DCHECK_FUNCTION_EXISTS=pthread_create   -o CMakeFiles/cmTC_00b49.dir/CheckFunctionExists.c.o   -c /usr/share/cmake-3.5/Modules/CheckFunctionExists.c
Linking C executable cmTC_00b49
/usr/bin/cmake -E cmake_link_script CMakeFiles/cmTC_00b49.dir/link.txt --verbose=1
/usr/bin/cc   -DCHECK_FUNCTION_EXISTS=pthread_create    CMakeFiles/cmTC_00b49.dir/CheckFunctionExists.c.o  -o cmTC_00b49 -rdynamic -lpthreads 
/usr/bin/ld: error: cannot find -lpthreads
CMakeFiles/cmTC_00b49.dir/CheckFunctionExists.c.o:CheckFunctionExists.c:function main: error: undefined reference to 'pthread_create'
collect2: error: ld returned 1 exit status
CMakeFiles/cmTC_00b49.dir/build.make:97: recipe for target 'cmTC_00b49' failed
make[1]: *** [cmTC_00b49] Error 1
make[1]: Leaving directory '/home/savan/Workspace/Summer/class_projects/DataVisualizations/SliceView/CMakeFiles/CMakeTmp'
Makefile:126: recipe for target 'cmTC_00b49/fast' failed
make: *** [cmTC_00b49/fast] Error 2


