Determining if the pthread_create exist failed with the following output:
Change Dir: /home/savan/Workspace/Summer/class_projects/DataVisualizations/ParallelCoordHybrid/CMakeFiles/CMakeTmp

Run Build Command:"/usr/bin/make" "cmTC_7f4bf/fast"
/usr/bin/make -f CMakeFiles/cmTC_7f4bf.dir/build.make CMakeFiles/cmTC_7f4bf.dir/build
make[1]: Entering directory '/home/savan/Workspace/Summer/class_projects/DataVisualizations/ParallelCoordHybrid/CMakeFiles/CMakeTmp'
Building C object CMakeFiles/cmTC_7f4bf.dir/CheckSymbolExists.c.o
/usr/bin/cc     -o CMakeFiles/cmTC_7f4bf.dir/CheckSymbolExists.c.o   -c /home/savan/Workspace/Summer/class_projects/DataVisualizations/ParallelCoordHybrid/CMakeFiles/CMakeTmp/CheckSymbolExists.c
Linking C executable cmTC_7f4bf
/usr/bin/cmake -E cmake_link_script CMakeFiles/cmTC_7f4bf.dir/link.txt --verbose=1
/usr/bin/cc       CMakeFiles/cmTC_7f4bf.dir/CheckSymbolExists.c.o  -o cmTC_7f4bf -rdynamic 
CMakeFiles/cmTC_7f4bf.dir/CheckSymbolExists.c.o:CheckSymbolExists.c:function main: error: undefined reference to 'pthread_create'
collect2: error: ld returned 1 exit status
CMakeFiles/cmTC_7f4bf.dir/build.make:97: recipe for target 'cmTC_7f4bf' failed
make[1]: *** [cmTC_7f4bf] Error 1
make[1]: Leaving directory '/home/savan/Workspace/Summer/class_projects/DataVisualizations/ParallelCoordHybrid/CMakeFiles/CMakeTmp'
Makefile:126: recipe for target 'cmTC_7f4bf/fast' failed
make: *** [cmTC_7f4bf/fast] Error 2

File /home/savan/Workspace/Summer/class_projects/DataVisualizations/ParallelCoordHybrid/CMakeFiles/CMakeTmp/CheckSymbolExists.c:
/* */
#include <pthread.h>

int main(int argc, char** argv)
{
  (void)argv;
#ifndef pthread_create
  return ((int*)(&pthread_create))[argc];
#else
  (void)argc;
  return 0;
#endif
}

Determining if the function pthread_create exists in the pthreads failed with the following output:
Change Dir: /home/savan/Workspace/Summer/class_projects/DataVisualizations/ParallelCoordHybrid/CMakeFiles/CMakeTmp

Run Build Command:"/usr/bin/make" "cmTC_a2da3/fast"
/usr/bin/make -f CMakeFiles/cmTC_a2da3.dir/build.make CMakeFiles/cmTC_a2da3.dir/build
make[1]: Entering directory '/home/savan/Workspace/Summer/class_projects/DataVisualizations/ParallelCoordHybrid/CMakeFiles/CMakeTmp'
Building C object CMakeFiles/cmTC_a2da3.dir/CheckFunctionExists.c.o
/usr/bin/cc    -DCHECK_FUNCTION_EXISTS=pthread_create   -o CMakeFiles/cmTC_a2da3.dir/CheckFunctionExists.c.o   -c /usr/share/cmake-3.5/Modules/CheckFunctionExists.c
Linking C executable cmTC_a2da3
/usr/bin/cmake -E cmake_link_script CMakeFiles/cmTC_a2da3.dir/link.txt --verbose=1
/usr/bin/cc   -DCHECK_FUNCTION_EXISTS=pthread_create    CMakeFiles/cmTC_a2da3.dir/CheckFunctionExists.c.o  -o cmTC_a2da3 -rdynamic -lpthreads 
/usr/bin/ld: error: cannot find -lpthreads
CMakeFiles/cmTC_a2da3.dir/CheckFunctionExists.c.o:CheckFunctionExists.c:function main: error: undefined reference to 'pthread_create'
collect2: error: ld returned 1 exit status
CMakeFiles/cmTC_a2da3.dir/build.make:97: recipe for target 'cmTC_a2da3' failed
make[1]: *** [cmTC_a2da3] Error 1
make[1]: Leaving directory '/home/savan/Workspace/Summer/class_projects/DataVisualizations/ParallelCoordHybrid/CMakeFiles/CMakeTmp'
Makefile:126: recipe for target 'cmTC_a2da3/fast' failed
make: *** [cmTC_a2da3/fast] Error 2


