Determining if the pthread_create exist failed with the following output:
Change Dir: /home/savan/Workspace/Summer/class_projects/DataVisualizations/ScatterPlotMatrix/CMakeFiles/CMakeTmp

Run Build Command:"/usr/bin/make" "cmTC_bd969/fast"
/usr/bin/make -f CMakeFiles/cmTC_bd969.dir/build.make CMakeFiles/cmTC_bd969.dir/build
make[1]: Entering directory '/home/savan/Workspace/Summer/class_projects/DataVisualizations/ScatterPlotMatrix/CMakeFiles/CMakeTmp'
Building C object CMakeFiles/cmTC_bd969.dir/CheckSymbolExists.c.o
/usr/bin/cc     -o CMakeFiles/cmTC_bd969.dir/CheckSymbolExists.c.o   -c /home/savan/Workspace/Summer/class_projects/DataVisualizations/ScatterPlotMatrix/CMakeFiles/CMakeTmp/CheckSymbolExists.c
Linking C executable cmTC_bd969
/usr/bin/cmake -E cmake_link_script CMakeFiles/cmTC_bd969.dir/link.txt --verbose=1
/usr/bin/cc       CMakeFiles/cmTC_bd969.dir/CheckSymbolExists.c.o  -o cmTC_bd969 -rdynamic 
CMakeFiles/cmTC_bd969.dir/CheckSymbolExists.c.o:CheckSymbolExists.c:function main: error: undefined reference to 'pthread_create'
collect2: error: ld returned 1 exit status
CMakeFiles/cmTC_bd969.dir/build.make:97: recipe for target 'cmTC_bd969' failed
make[1]: *** [cmTC_bd969] Error 1
make[1]: Leaving directory '/home/savan/Workspace/Summer/class_projects/DataVisualizations/ScatterPlotMatrix/CMakeFiles/CMakeTmp'
Makefile:126: recipe for target 'cmTC_bd969/fast' failed
make: *** [cmTC_bd969/fast] Error 2

File /home/savan/Workspace/Summer/class_projects/DataVisualizations/ScatterPlotMatrix/CMakeFiles/CMakeTmp/CheckSymbolExists.c:
/* */
#include <pthread.h>

int main(int argc, char** argv)
{
  (void)argv;
#ifndef pthread_create
  return ((int*)(&pthread_create))[argc];
#else
  (void)argc;
  return 0;
#endif
}

Determining if the function pthread_create exists in the pthreads failed with the following output:
Change Dir: /home/savan/Workspace/Summer/class_projects/DataVisualizations/ScatterPlotMatrix/CMakeFiles/CMakeTmp

Run Build Command:"/usr/bin/make" "cmTC_b5704/fast"
/usr/bin/make -f CMakeFiles/cmTC_b5704.dir/build.make CMakeFiles/cmTC_b5704.dir/build
make[1]: Entering directory '/home/savan/Workspace/Summer/class_projects/DataVisualizations/ScatterPlotMatrix/CMakeFiles/CMakeTmp'
Building C object CMakeFiles/cmTC_b5704.dir/CheckFunctionExists.c.o
/usr/bin/cc    -DCHECK_FUNCTION_EXISTS=pthread_create   -o CMakeFiles/cmTC_b5704.dir/CheckFunctionExists.c.o   -c /usr/share/cmake-3.5/Modules/CheckFunctionExists.c
Linking C executable cmTC_b5704
/usr/bin/cmake -E cmake_link_script CMakeFiles/cmTC_b5704.dir/link.txt --verbose=1
/usr/bin/cc   -DCHECK_FUNCTION_EXISTS=pthread_create    CMakeFiles/cmTC_b5704.dir/CheckFunctionExists.c.o  -o cmTC_b5704 -rdynamic -lpthreads 
/usr/bin/ld: error: cannot find -lpthreads
CMakeFiles/cmTC_b5704.dir/CheckFunctionExists.c.o:CheckFunctionExists.c:function main: error: undefined reference to 'pthread_create'
collect2: error: ld returned 1 exit status
CMakeFiles/cmTC_b5704.dir/build.make:97: recipe for target 'cmTC_b5704' failed
make[1]: *** [cmTC_b5704] Error 1
make[1]: Leaving directory '/home/savan/Workspace/Summer/class_projects/DataVisualizations/ScatterPlotMatrix/CMakeFiles/CMakeTmp'
Makefile:126: recipe for target 'cmTC_b5704/fast' failed
make: *** [cmTC_b5704/fast] Error 2


