Determining if the pthread_create exist failed with the following output:
Change Dir: /home/savan/Workspace/Summer/class_projects/DataVisualizations/IsoSurface/CMakeFiles/CMakeTmp

Run Build Command:"/usr/bin/make" "cmTC_0680c/fast"
/usr/bin/make -f CMakeFiles/cmTC_0680c.dir/build.make CMakeFiles/cmTC_0680c.dir/build
make[1]: Entering directory '/home/savan/Workspace/Summer/class_projects/DataVisualizations/IsoSurface/CMakeFiles/CMakeTmp'
Building C object CMakeFiles/cmTC_0680c.dir/CheckSymbolExists.c.o
/usr/bin/cc     -o CMakeFiles/cmTC_0680c.dir/CheckSymbolExists.c.o   -c /home/savan/Workspace/Summer/class_projects/DataVisualizations/IsoSurface/CMakeFiles/CMakeTmp/CheckSymbolExists.c
Linking C executable cmTC_0680c
/usr/bin/cmake -E cmake_link_script CMakeFiles/cmTC_0680c.dir/link.txt --verbose=1
/usr/bin/cc       CMakeFiles/cmTC_0680c.dir/CheckSymbolExists.c.o  -o cmTC_0680c -rdynamic 
CMakeFiles/cmTC_0680c.dir/CheckSymbolExists.c.o:CheckSymbolExists.c:function main: error: undefined reference to 'pthread_create'
collect2: error: ld returned 1 exit status
CMakeFiles/cmTC_0680c.dir/build.make:97: recipe for target 'cmTC_0680c' failed
make[1]: *** [cmTC_0680c] Error 1
make[1]: Leaving directory '/home/savan/Workspace/Summer/class_projects/DataVisualizations/IsoSurface/CMakeFiles/CMakeTmp'
Makefile:126: recipe for target 'cmTC_0680c/fast' failed
make: *** [cmTC_0680c/fast] Error 2

File /home/savan/Workspace/Summer/class_projects/DataVisualizations/IsoSurface/CMakeFiles/CMakeTmp/CheckSymbolExists.c:
/* */
#include <pthread.h>

int main(int argc, char** argv)
{
  (void)argv;
#ifndef pthread_create
  return ((int*)(&pthread_create))[argc];
#else
  (void)argc;
  return 0;
#endif
}

Determining if the function pthread_create exists in the pthreads failed with the following output:
Change Dir: /home/savan/Workspace/Summer/class_projects/DataVisualizations/IsoSurface/CMakeFiles/CMakeTmp

Run Build Command:"/usr/bin/make" "cmTC_5bd4a/fast"
/usr/bin/make -f CMakeFiles/cmTC_5bd4a.dir/build.make CMakeFiles/cmTC_5bd4a.dir/build
make[1]: Entering directory '/home/savan/Workspace/Summer/class_projects/DataVisualizations/IsoSurface/CMakeFiles/CMakeTmp'
Building C object CMakeFiles/cmTC_5bd4a.dir/CheckFunctionExists.c.o
/usr/bin/cc    -DCHECK_FUNCTION_EXISTS=pthread_create   -o CMakeFiles/cmTC_5bd4a.dir/CheckFunctionExists.c.o   -c /usr/share/cmake-3.5/Modules/CheckFunctionExists.c
Linking C executable cmTC_5bd4a
/usr/bin/cmake -E cmake_link_script CMakeFiles/cmTC_5bd4a.dir/link.txt --verbose=1
/usr/bin/cc   -DCHECK_FUNCTION_EXISTS=pthread_create    CMakeFiles/cmTC_5bd4a.dir/CheckFunctionExists.c.o  -o cmTC_5bd4a -rdynamic -lpthreads 
/usr/bin/ld: error: cannot find -lpthreads
CMakeFiles/cmTC_5bd4a.dir/CheckFunctionExists.c.o:CheckFunctionExists.c:function main: error: undefined reference to 'pthread_create'
collect2: error: ld returned 1 exit status
CMakeFiles/cmTC_5bd4a.dir/build.make:97: recipe for target 'cmTC_5bd4a' failed
make[1]: *** [cmTC_5bd4a] Error 1
make[1]: Leaving directory '/home/savan/Workspace/Summer/class_projects/DataVisualizations/IsoSurface/CMakeFiles/CMakeTmp'
Makefile:126: recipe for target 'cmTC_5bd4a/fast' failed
make: *** [cmTC_5bd4a/fast] Error 2


