The system is: Linux - 4.8.0-58-generic - x86_64
Compiling the C compiler identification source file "CMakeCCompilerId.c" succeeded.
Compiler: /usr/bin/cc 
Build flags: 
Id flags: 

The output was:
0


Compilation of the C compiler identification source "CMakeCCompilerId.c" produced "a.out"

The C compiler identification is GNU, found in "/home/savan/Workspace/CS544/csc544-savankiran/A07P01/CMakeFiles/3.5.1/CompilerIdC/a.out"

Compiling the CXX compiler identification source file "CMakeCXXCompilerId.cpp" succeeded.
Compiler: /usr/bin/c++ 
Build flags: 
Id flags: 

The output was:
0


Compilation of the CXX compiler identification source "CMakeCXXCompilerId.cpp" produced "a.out"

The CXX compiler identification is GNU, found in "/home/savan/Workspace/CS544/csc544-savankiran/A07P01/CMakeFiles/3.5.1/CompilerIdCXX/a.out"

Determining if the C compiler works passed with the following output:
Change Dir: /home/savan/Workspace/CS544/csc544-savankiran/A07P01/CMakeFiles/CMakeTmp

Run Build Command:"/usr/bin/make" "cmTC_67bdd/fast"
/usr/bin/make -f CMakeFiles/cmTC_67bdd.dir/build.make CMakeFiles/cmTC_67bdd.dir/build
make[1]: Entering directory '/home/savan/Workspace/CS544/csc544-savankiran/A07P01/CMakeFiles/CMakeTmp'
Building C object CMakeFiles/cmTC_67bdd.dir/testCCompiler.c.o
/usr/bin/cc     -o CMakeFiles/cmTC_67bdd.dir/testCCompiler.c.o   -c /home/savan/Workspace/CS544/csc544-savankiran/A07P01/CMakeFiles/CMakeTmp/testCCompiler.c
Linking C executable cmTC_67bdd
/usr/bin/cmake -E cmake_link_script CMakeFiles/cmTC_67bdd.dir/link.txt --verbose=1
/usr/bin/cc       CMakeFiles/cmTC_67bdd.dir/testCCompiler.c.o  -o cmTC_67bdd -rdynamic 
make[1]: Leaving directory '/home/savan/Workspace/CS544/csc544-savankiran/A07P01/CMakeFiles/CMakeTmp'


Detecting C compiler ABI info compiled with the following output:
Change Dir: /home/savan/Workspace/CS544/csc544-savankiran/A07P01/CMakeFiles/CMakeTmp

Run Build Command:"/usr/bin/make" "cmTC_27d6a/fast"
/usr/bin/make -f CMakeFiles/cmTC_27d6a.dir/build.make CMakeFiles/cmTC_27d6a.dir/build
make[1]: Entering directory '/home/savan/Workspace/CS544/csc544-savankiran/A07P01/CMakeFiles/CMakeTmp'
Building C object CMakeFiles/cmTC_27d6a.dir/CMakeCCompilerABI.c.o
/usr/bin/cc     -o CMakeFiles/cmTC_27d6a.dir/CMakeCCompilerABI.c.o   -c /usr/share/cmake-3.5/Modules/CMakeCCompilerABI.c
Linking C executable cmTC_27d6a
/usr/bin/cmake -E cmake_link_script CMakeFiles/cmTC_27d6a.dir/link.txt --verbose=1
/usr/bin/cc      -v CMakeFiles/cmTC_27d6a.dir/CMakeCCompilerABI.c.o  -o cmTC_27d6a -rdynamic  
Using built-in specs.
COLLECT_GCC=/usr/bin/cc
COLLECT_LTO_WRAPPER=/usr/lib/gcc/x86_64-linux-gnu/5/lto-wrapper
Target: x86_64-linux-gnu
Configured with: ../src/configure -v --with-pkgversion='Ubuntu 5.4.1-2ubuntu1~16.04' --with-bugurl=file:///usr/share/doc/gcc-5/README.Bugs --enable-languages=c,ada,c++,java,go,d,fortran,objc,obj-c++ --prefix=/usr --program-suffix=-5 --enable-shared --enable-linker-build-id --libexecdir=/usr/lib --without-included-gettext --enable-threads=posix --libdir=/usr/lib --enable-nls --with-sysroot=/ --enable-clocale=gnu --enable-libstdcxx-debug --enable-libstdcxx-time=yes --with-default-libstdcxx-abi=new --enable-gnu-unique-object --disable-vtable-verify --enable-libmpx --enable-plugin --with-system-zlib --disable-browser-plugin --enable-java-awt=gtk --enable-gtk-cairo --with-java-home=/usr/lib/jvm/java-1.5.0-gcj-5-amd64/jre --enable-java-home --with-jvm-root-dir=/usr/lib/jvm/java-1.5.0-gcj-5-amd64 --with-jvm-jar-dir=/usr/lib/jvm-exports/java-1.5.0-gcj-5-amd64 --with-arch-directory=amd64 --with-ecj-jar=/usr/share/java/eclipse-ecj.jar --enable-objc-gc --enable-multiarch --disable-werror --with-arch-32=i686 --with-abi=m64 --with-multilib-list=m32,m64,mx32 --enable-multilib --with-tune=generic --enable-checking=release --build=x86_64-linux-gnu --host=x86_64-linux-gnu --target=x86_64-linux-gnu
Thread model: posix
gcc version 5.4.1 20160904 (Ubuntu 5.4.1-2ubuntu1~16.04) 
COMPILER_PATH=/usr/lib/gcc/x86_64-linux-gnu/5/:/usr/lib/gcc/x86_64-linux-gnu/5/:/usr/lib/gcc/x86_64-linux-gnu/:/usr/lib/gcc/x86_64-linux-gnu/5/:/usr/lib/gcc/x86_64-linux-gnu/
LIBRARY_PATH=/usr/lib/gcc/x86_64-linux-gnu/5/:/usr/lib/gcc/x86_64-linux-gnu/5/../../../x86_64-linux-gnu/:/usr/lib/gcc/x86_64-linux-gnu/5/../../../../lib/:/lib/x86_64-linux-gnu/:/lib/../lib/:/usr/lib/x86_64-linux-gnu/:/usr/lib/../lib/:/usr/lib/gcc/x86_64-linux-gnu/5/../../../:/lib/:/usr/lib/
COLLECT_GCC_OPTIONS='-v' '-o' 'cmTC_27d6a' '-rdynamic' '-mtune=generic' '-march=x86-64'
 /usr/lib/gcc/x86_64-linux-gnu/5/collect2 -plugin /usr/lib/gcc/x86_64-linux-gnu/5/liblto_plugin.so -plugin-opt=/usr/lib/gcc/x86_64-linux-gnu/5/lto-wrapper -plugin-opt=-fresolution=/tmp/cchPMFVt.res -plugin-opt=-pass-through=-lgcc -plugin-opt=-pass-through=-lgcc_s -plugin-opt=-pass-through=-lc -plugin-opt=-pass-through=-lgcc -plugin-opt=-pass-through=-lgcc_s --sysroot=/ --build-id --eh-frame-hdr -m elf_x86_64 --hash-style=gnu --as-needed -export-dynamic -dynamic-linker /lib64/ld-linux-x86-64.so.2 -z relro -o cmTC_27d6a /usr/lib/gcc/x86_64-linux-gnu/5/../../../x86_64-linux-gnu/crt1.o /usr/lib/gcc/x86_64-linux-gnu/5/../../../x86_64-linux-gnu/crti.o /usr/lib/gcc/x86_64-linux-gnu/5/crtbegin.o -L/usr/lib/gcc/x86_64-linux-gnu/5 -L/usr/lib/gcc/x86_64-linux-gnu/5/../../../x86_64-linux-gnu -L/usr/lib/gcc/x86_64-linux-gnu/5/../../../../lib -L/lib/x86_64-linux-gnu -L/lib/../lib -L/usr/lib/x86_64-linux-gnu -L/usr/lib/../lib -L/usr/lib/gcc/x86_64-linux-gnu/5/../../.. CMakeFiles/cmTC_27d6a.dir/CMakeCCompilerABI.c.o -lgcc --as-needed -lgcc_s --no-as-needed -lc -lgcc --as-needed -lgcc_s --no-as-needed /usr/lib/gcc/x86_64-linux-gnu/5/crtend.o /usr/lib/gcc/x86_64-linux-gnu/5/../../../x86_64-linux-gnu/crtn.o
make[1]: Leaving directory '/home/savan/Workspace/CS544/csc544-savankiran/A07P01/CMakeFiles/CMakeTmp'


Parsed C implicit link information from above output:
  link line regex: [^( *|.*[/\])(ld|([^/\]+-)?ld|collect2)[^/\]*( |$)]
  ignore line: [Change Dir: /home/savan/Workspace/CS544/csc544-savankiran/A07P01/CMakeFiles/CMakeTmp]
  ignore line: []
  ignore line: [Run Build Command:"/usr/bin/make" "cmTC_27d6a/fast"]
  ignore line: [/usr/bin/make -f CMakeFiles/cmTC_27d6a.dir/build.make CMakeFiles/cmTC_27d6a.dir/build]
  ignore line: [make[1]: Entering directory '/home/savan/Workspace/CS544/csc544-savankiran/A07P01/CMakeFiles/CMakeTmp']
  ignore line: [Building C object CMakeFiles/cmTC_27d6a.dir/CMakeCCompilerABI.c.o]
  ignore line: [/usr/bin/cc     -o CMakeFiles/cmTC_27d6a.dir/CMakeCCompilerABI.c.o   -c /usr/share/cmake-3.5/Modules/CMakeCCompilerABI.c]
  ignore line: [Linking C executable cmTC_27d6a]
  ignore line: [/usr/bin/cmake -E cmake_link_script CMakeFiles/cmTC_27d6a.dir/link.txt --verbose=1]
  ignore line: [/usr/bin/cc      -v CMakeFiles/cmTC_27d6a.dir/CMakeCCompilerABI.c.o  -o cmTC_27d6a -rdynamic  ]
  ignore line: [Using built-in specs.]
  ignore line: [COLLECT_GCC=/usr/bin/cc]
  ignore line: [COLLECT_LTO_WRAPPER=/usr/lib/gcc/x86_64-linux-gnu/5/lto-wrapper]
  ignore line: [Target: x86_64-linux-gnu]
  ignore line: [Configured with: ../src/configure -v --with-pkgversion='Ubuntu 5.4.1-2ubuntu1~16.04' --with-bugurl=file:///usr/share/doc/gcc-5/README.Bugs --enable-languages=c,ada,c++,java,go,d,fortran,objc,obj-c++ --prefix=/usr --program-suffix=-5 --enable-shared --enable-linker-build-id --libexecdir=/usr/lib --without-included-gettext --enable-threads=posix --libdir=/usr/lib --enable-nls --with-sysroot=/ --enable-clocale=gnu --enable-libstdcxx-debug --enable-libstdcxx-time=yes --with-default-libstdcxx-abi=new --enable-gnu-unique-object --disable-vtable-verify --enable-libmpx --enable-plugin --with-system-zlib --disable-browser-plugin --enable-java-awt=gtk --enable-gtk-cairo --with-java-home=/usr/lib/jvm/java-1.5.0-gcj-5-amd64/jre --enable-java-home --with-jvm-root-dir=/usr/lib/jvm/java-1.5.0-gcj-5-amd64 --with-jvm-jar-dir=/usr/lib/jvm-exports/java-1.5.0-gcj-5-amd64 --with-arch-directory=amd64 --with-ecj-jar=/usr/share/java/eclipse-ecj.jar --enable-objc-gc --enable-multiarch --disable-werror --with-arch-32=i686 --with-abi=m64 --with-multilib-list=m32,m64,mx32 --enable-multilib --with-tune=generic --enable-checking=release --build=x86_64-linux-gnu --host=x86_64-linux-gnu --target=x86_64-linux-gnu]
  ignore line: [Thread model: posix]
  ignore line: [gcc version 5.4.1 20160904 (Ubuntu 5.4.1-2ubuntu1~16.04) ]
  ignore line: [COMPILER_PATH=/usr/lib/gcc/x86_64-linux-gnu/5/:/usr/lib/gcc/x86_64-linux-gnu/5/:/usr/lib/gcc/x86_64-linux-gnu/:/usr/lib/gcc/x86_64-linux-gnu/5/:/usr/lib/gcc/x86_64-linux-gnu/]
  ignore line: [LIBRARY_PATH=/usr/lib/gcc/x86_64-linux-gnu/5/:/usr/lib/gcc/x86_64-linux-gnu/5/../../../x86_64-linux-gnu/:/usr/lib/gcc/x86_64-linux-gnu/5/../../../../lib/:/lib/x86_64-linux-gnu/:/lib/../lib/:/usr/lib/x86_64-linux-gnu/:/usr/lib/../lib/:/usr/lib/gcc/x86_64-linux-gnu/5/../../../:/lib/:/usr/lib/]
  ignore line: [COLLECT_GCC_OPTIONS='-v' '-o' 'cmTC_27d6a' '-rdynamic' '-mtune=generic' '-march=x86-64']
  link line: [ /usr/lib/gcc/x86_64-linux-gnu/5/collect2 -plugin /usr/lib/gcc/x86_64-linux-gnu/5/liblto_plugin.so -plugin-opt=/usr/lib/gcc/x86_64-linux-gnu/5/lto-wrapper -plugin-opt=-fresolution=/tmp/cchPMFVt.res -plugin-opt=-pass-through=-lgcc -plugin-opt=-pass-through=-lgcc_s -plugin-opt=-pass-through=-lc -plugin-opt=-pass-through=-lgcc -plugin-opt=-pass-through=-lgcc_s --sysroot=/ --build-id --eh-frame-hdr -m elf_x86_64 --hash-style=gnu --as-needed -export-dynamic -dynamic-linker /lib64/ld-linux-x86-64.so.2 -z relro -o cmTC_27d6a /usr/lib/gcc/x86_64-linux-gnu/5/../../../x86_64-linux-gnu/crt1.o /usr/lib/gcc/x86_64-linux-gnu/5/../../../x86_64-linux-gnu/crti.o /usr/lib/gcc/x86_64-linux-gnu/5/crtbegin.o -L/usr/lib/gcc/x86_64-linux-gnu/5 -L/usr/lib/gcc/x86_64-linux-gnu/5/../../../x86_64-linux-gnu -L/usr/lib/gcc/x86_64-linux-gnu/5/../../../../lib -L/lib/x86_64-linux-gnu -L/lib/../lib -L/usr/lib/x86_64-linux-gnu -L/usr/lib/../lib -L/usr/lib/gcc/x86_64-linux-gnu/5/../../.. CMakeFiles/cmTC_27d6a.dir/CMakeCCompilerABI.c.o -lgcc --as-needed -lgcc_s --no-as-needed -lc -lgcc --as-needed -lgcc_s --no-as-needed /usr/lib/gcc/x86_64-linux-gnu/5/crtend.o /usr/lib/gcc/x86_64-linux-gnu/5/../../../x86_64-linux-gnu/crtn.o]
    arg [/usr/lib/gcc/x86_64-linux-gnu/5/collect2] ==> ignore
    arg [-plugin] ==> ignore
    arg [/usr/lib/gcc/x86_64-linux-gnu/5/liblto_plugin.so] ==> ignore
    arg [-plugin-opt=/usr/lib/gcc/x86_64-linux-gnu/5/lto-wrapper] ==> ignore
    arg [-plugin-opt=-fresolution=/tmp/cchPMFVt.res] ==> ignore
    arg [-plugin-opt=-pass-through=-lgcc] ==> ignore
    arg [-plugin-opt=-pass-through=-lgcc_s] ==> ignore
    arg [-plugin-opt=-pass-through=-lc] ==> ignore
    arg [-plugin-opt=-pass-through=-lgcc] ==> ignore
    arg [-plugin-opt=-pass-through=-lgcc_s] ==> ignore
    arg [--sysroot=/] ==> ignore
    arg [--build-id] ==> ignore
    arg [--eh-frame-hdr] ==> ignore
    arg [-m] ==> ignore
    arg [elf_x86_64] ==> ignore
    arg [--hash-style=gnu] ==> ignore
    arg [--as-needed] ==> ignore
    arg [-export-dynamic] ==> ignore
    arg [-dynamic-linker] ==> ignore
    arg [/lib64/ld-linux-x86-64.so.2] ==> ignore
    arg [-zrelro] ==> ignore
    arg [-o] ==> ignore
    arg [cmTC_27d6a] ==> ignore
    arg [/usr/lib/gcc/x86_64-linux-gnu/5/../../../x86_64-linux-gnu/crt1.o] ==> ignore
    arg [/usr/lib/gcc/x86_64-linux-gnu/5/../../../x86_64-linux-gnu/crti.o] ==> ignore
    arg [/usr/lib/gcc/x86_64-linux-gnu/5/crtbegin.o] ==> ignore
    arg [-L/usr/lib/gcc/x86_64-linux-gnu/5] ==> dir [/usr/lib/gcc/x86_64-linux-gnu/5]
    arg [-L/usr/lib/gcc/x86_64-linux-gnu/5/../../../x86_64-linux-gnu] ==> dir [/usr/lib/gcc/x86_64-linux-gnu/5/../../../x86_64-linux-gnu]
    arg [-L/usr/lib/gcc/x86_64-linux-gnu/5/../../../../lib] ==> dir [/usr/lib/gcc/x86_64-linux-gnu/5/../../../../lib]
    arg [-L/lib/x86_64-linux-gnu] ==> dir [/lib/x86_64-linux-gnu]
    arg [-L/lib/../lib] ==> dir [/lib/../lib]
    arg [-L/usr/lib/x86_64-linux-gnu] ==> dir [/usr/lib/x86_64-linux-gnu]
    arg [-L/usr/lib/../lib] ==> dir [/usr/lib/../lib]
    arg [-L/usr/lib/gcc/x86_64-linux-gnu/5/../../..] ==> dir [/usr/lib/gcc/x86_64-linux-gnu/5/../../..]
    arg [CMakeFiles/cmTC_27d6a.dir/CMakeCCompilerABI.c.o] ==> ignore
    arg [-lgcc] ==> lib [gcc]
    arg [--as-needed] ==> ignore
    arg [-lgcc_s] ==> lib [gcc_s]
    arg [--no-as-needed] ==> ignore
    arg [-lc] ==> lib [c]
    arg [-lgcc] ==> lib [gcc]
    arg [--as-needed] ==> ignore
    arg [-lgcc_s] ==> lib [gcc_s]
    arg [--no-as-needed] ==> ignore
    arg [/usr/lib/gcc/x86_64-linux-gnu/5/crtend.o] ==> ignore
    arg [/usr/lib/gcc/x86_64-linux-gnu/5/../../../x86_64-linux-gnu/crtn.o] ==> ignore
  remove lib [gcc]
  remove lib [gcc_s]
  remove lib [gcc]
  remove lib [gcc_s]
  collapse library dir [/usr/lib/gcc/x86_64-linux-gnu/5] ==> [/usr/lib/gcc/x86_64-linux-gnu/5]
  collapse library dir [/usr/lib/gcc/x86_64-linux-gnu/5/../../../x86_64-linux-gnu] ==> [/usr/lib/x86_64-linux-gnu]
  collapse library dir [/usr/lib/gcc/x86_64-linux-gnu/5/../../../../lib] ==> [/usr/lib]
  collapse library dir [/lib/x86_64-linux-gnu] ==> [/lib/x86_64-linux-gnu]
  collapse library dir [/lib/../lib] ==> [/lib]
  collapse library dir [/usr/lib/x86_64-linux-gnu] ==> [/usr/lib/x86_64-linux-gnu]
  collapse library dir [/usr/lib/../lib] ==> [/usr/lib]
  collapse library dir [/usr/lib/gcc/x86_64-linux-gnu/5/../../..] ==> [/usr/lib]
  implicit libs: [c]
  implicit dirs: [/usr/lib/gcc/x86_64-linux-gnu/5;/usr/lib/x86_64-linux-gnu;/usr/lib;/lib/x86_64-linux-gnu;/lib]
  implicit fwks: []




Detecting C [-std=c11] compiler features compiled with the following output:
Change Dir: /home/savan/Workspace/CS544/csc544-savankiran/A07P01/CMakeFiles/CMakeTmp

Run Build Command:"/usr/bin/make" "cmTC_ba77d/fast"
/usr/bin/make -f CMakeFiles/cmTC_ba77d.dir/build.make CMakeFiles/cmTC_ba77d.dir/build
make[1]: Entering directory '/home/savan/Workspace/CS544/csc544-savankiran/A07P01/CMakeFiles/CMakeTmp'
Building C object CMakeFiles/cmTC_ba77d.dir/feature_tests.c.o
/usr/bin/cc    -std=c11 -o CMakeFiles/cmTC_ba77d.dir/feature_tests.c.o   -c /home/savan/Workspace/CS544/csc544-savankiran/A07P01/CMakeFiles/feature_tests.c
Linking C executable cmTC_ba77d
/usr/bin/cmake -E cmake_link_script CMakeFiles/cmTC_ba77d.dir/link.txt --verbose=1
/usr/bin/cc       CMakeFiles/cmTC_ba77d.dir/feature_tests.c.o  -o cmTC_ba77d -rdynamic 
make[1]: Leaving directory '/home/savan/Workspace/CS544/csc544-savankiran/A07P01/CMakeFiles/CMakeTmp'


    Feature record: C_FEATURE:1c_function_prototypes
    Feature record: C_FEATURE:1c_restrict
    Feature record: C_FEATURE:1c_static_assert
    Feature record: C_FEATURE:1c_variadic_macros


Detecting C [-std=c99] compiler features compiled with the following output:
Change Dir: /home/savan/Workspace/CS544/csc544-savankiran/A07P01/CMakeFiles/CMakeTmp

Run Build Command:"/usr/bin/make" "cmTC_fe09b/fast"
/usr/bin/make -f CMakeFiles/cmTC_fe09b.dir/build.make CMakeFiles/cmTC_fe09b.dir/build
make[1]: Entering directory '/home/savan/Workspace/CS544/csc544-savankiran/A07P01/CMakeFiles/CMakeTmp'
Building C object CMakeFiles/cmTC_fe09b.dir/feature_tests.c.o
/usr/bin/cc    -std=c99 -o CMakeFiles/cmTC_fe09b.dir/feature_tests.c.o   -c /home/savan/Workspace/CS544/csc544-savankiran/A07P01/CMakeFiles/feature_tests.c
Linking C executable cmTC_fe09b
/usr/bin/cmake -E cmake_link_script CMakeFiles/cmTC_fe09b.dir/link.txt --verbose=1
/usr/bin/cc       CMakeFiles/cmTC_fe09b.dir/feature_tests.c.o  -o cmTC_fe09b -rdynamic 
make[1]: Leaving directory '/home/savan/Workspace/CS544/csc544-savankiran/A07P01/CMakeFiles/CMakeTmp'


    Feature record: C_FEATURE:1c_function_prototypes
    Feature record: C_FEATURE:1c_restrict
    Feature record: C_FEATURE:0c_static_assert
    Feature record: C_FEATURE:1c_variadic_macros


Detecting C [-std=c90] compiler features compiled with the following output:
Change Dir: /home/savan/Workspace/CS544/csc544-savankiran/A07P01/CMakeFiles/CMakeTmp

Run Build Command:"/usr/bin/make" "cmTC_ef930/fast"
/usr/bin/make -f CMakeFiles/cmTC_ef930.dir/build.make CMakeFiles/cmTC_ef930.dir/build
make[1]: Entering directory '/home/savan/Workspace/CS544/csc544-savankiran/A07P01/CMakeFiles/CMakeTmp'
Building C object CMakeFiles/cmTC_ef930.dir/feature_tests.c.o
/usr/bin/cc    -std=c90 -o CMakeFiles/cmTC_ef930.dir/feature_tests.c.o   -c /home/savan/Workspace/CS544/csc544-savankiran/A07P01/CMakeFiles/feature_tests.c
Linking C executable cmTC_ef930
/usr/bin/cmake -E cmake_link_script CMakeFiles/cmTC_ef930.dir/link.txt --verbose=1
/usr/bin/cc       CMakeFiles/cmTC_ef930.dir/feature_tests.c.o  -o cmTC_ef930 -rdynamic 
make[1]: Leaving directory '/home/savan/Workspace/CS544/csc544-savankiran/A07P01/CMakeFiles/CMakeTmp'


    Feature record: C_FEATURE:1c_function_prototypes
    Feature record: C_FEATURE:0c_restrict
    Feature record: C_FEATURE:0c_static_assert
    Feature record: C_FEATURE:0c_variadic_macros
Determining if the CXX compiler works passed with the following output:
Change Dir: /home/savan/Workspace/CS544/csc544-savankiran/A07P01/CMakeFiles/CMakeTmp

Run Build Command:"/usr/bin/make" "cmTC_a4e02/fast"
/usr/bin/make -f CMakeFiles/cmTC_a4e02.dir/build.make CMakeFiles/cmTC_a4e02.dir/build
make[1]: Entering directory '/home/savan/Workspace/CS544/csc544-savankiran/A07P01/CMakeFiles/CMakeTmp'
Building CXX object CMakeFiles/cmTC_a4e02.dir/testCXXCompiler.cxx.o
/usr/bin/c++      -o CMakeFiles/cmTC_a4e02.dir/testCXXCompiler.cxx.o -c /home/savan/Workspace/CS544/csc544-savankiran/A07P01/CMakeFiles/CMakeTmp/testCXXCompiler.cxx
Linking CXX executable cmTC_a4e02
/usr/bin/cmake -E cmake_link_script CMakeFiles/cmTC_a4e02.dir/link.txt --verbose=1
/usr/bin/c++        CMakeFiles/cmTC_a4e02.dir/testCXXCompiler.cxx.o  -o cmTC_a4e02 -rdynamic 
make[1]: Leaving directory '/home/savan/Workspace/CS544/csc544-savankiran/A07P01/CMakeFiles/CMakeTmp'


Detecting CXX compiler ABI info compiled with the following output:
Change Dir: /home/savan/Workspace/CS544/csc544-savankiran/A07P01/CMakeFiles/CMakeTmp

Run Build Command:"/usr/bin/make" "cmTC_8880d/fast"
/usr/bin/make -f CMakeFiles/cmTC_8880d.dir/build.make CMakeFiles/cmTC_8880d.dir/build
make[1]: Entering directory '/home/savan/Workspace/CS544/csc544-savankiran/A07P01/CMakeFiles/CMakeTmp'
Building CXX object CMakeFiles/cmTC_8880d.dir/CMakeCXXCompilerABI.cpp.o
/usr/bin/c++      -o CMakeFiles/cmTC_8880d.dir/CMakeCXXCompilerABI.cpp.o -c /usr/share/cmake-3.5/Modules/CMakeCXXCompilerABI.cpp
Linking CXX executable cmTC_8880d
/usr/bin/cmake -E cmake_link_script CMakeFiles/cmTC_8880d.dir/link.txt --verbose=1
/usr/bin/c++       -v CMakeFiles/cmTC_8880d.dir/CMakeCXXCompilerABI.cpp.o  -o cmTC_8880d -rdynamic  
Using built-in specs.
COLLECT_GCC=/usr/bin/c++
COLLECT_LTO_WRAPPER=/usr/lib/gcc/x86_64-linux-gnu/5/lto-wrapper
Target: x86_64-linux-gnu
Configured with: ../src/configure -v --with-pkgversion='Ubuntu 5.4.1-2ubuntu1~16.04' --with-bugurl=file:///usr/share/doc/gcc-5/README.Bugs --enable-languages=c,ada,c++,java,go,d,fortran,objc,obj-c++ --prefix=/usr --program-suffix=-5 --enable-shared --enable-linker-build-id --libexecdir=/usr/lib --without-included-gettext --enable-threads=posix --libdir=/usr/lib --enable-nls --with-sysroot=/ --enable-clocale=gnu --enable-libstdcxx-debug --enable-libstdcxx-time=yes --with-default-libstdcxx-abi=new --enable-gnu-unique-object --disable-vtable-verify --enable-libmpx --enable-plugin --with-system-zlib --disable-browser-plugin --enable-java-awt=gtk --enable-gtk-cairo --with-java-home=/usr/lib/jvm/java-1.5.0-gcj-5-amd64/jre --enable-java-home --with-jvm-root-dir=/usr/lib/jvm/java-1.5.0-gcj-5-amd64 --with-jvm-jar-dir=/usr/lib/jvm-exports/java-1.5.0-gcj-5-amd64 --with-arch-directory=amd64 --with-ecj-jar=/usr/share/java/eclipse-ecj.jar --enable-objc-gc --enable-multiarch --disable-werror --with-arch-32=i686 --with-abi=m64 --with-multilib-list=m32,m64,mx32 --enable-multilib --with-tune=generic --enable-checking=release --build=x86_64-linux-gnu --host=x86_64-linux-gnu --target=x86_64-linux-gnu
Thread model: posix
gcc version 5.4.1 20160904 (Ubuntu 5.4.1-2ubuntu1~16.04) 
COMPILER_PATH=/usr/lib/gcc/x86_64-linux-gnu/5/:/usr/lib/gcc/x86_64-linux-gnu/5/:/usr/lib/gcc/x86_64-linux-gnu/:/usr/lib/gcc/x86_64-linux-gnu/5/:/usr/lib/gcc/x86_64-linux-gnu/
LIBRARY_PATH=/usr/lib/gcc/x86_64-linux-gnu/5/:/usr/lib/gcc/x86_64-linux-gnu/5/../../../x86_64-linux-gnu/:/usr/lib/gcc/x86_64-linux-gnu/5/../../../../lib/:/lib/x86_64-linux-gnu/:/lib/../lib/:/usr/lib/x86_64-linux-gnu/:/usr/lib/../lib/:/usr/lib/gcc/x86_64-linux-gnu/5/../../../:/lib/:/usr/lib/
COLLECT_GCC_OPTIONS='-v' '-o' 'cmTC_8880d' '-rdynamic' '-shared-libgcc' '-mtune=generic' '-march=x86-64'
 /usr/lib/gcc/x86_64-linux-gnu/5/collect2 -plugin /usr/lib/gcc/x86_64-linux-gnu/5/liblto_plugin.so -plugin-opt=/usr/lib/gcc/x86_64-linux-gnu/5/lto-wrapper -plugin-opt=-fresolution=/tmp/ccNWvQdG.res -plugin-opt=-pass-through=-lgcc_s -plugin-opt=-pass-through=-lgcc -plugin-opt=-pass-through=-lc -plugin-opt=-pass-through=-lgcc_s -plugin-opt=-pass-through=-lgcc --sysroot=/ --build-id --eh-frame-hdr -m elf_x86_64 --hash-style=gnu --as-needed -export-dynamic -dynamic-linker /lib64/ld-linux-x86-64.so.2 -z relro -o cmTC_8880d /usr/lib/gcc/x86_64-linux-gnu/5/../../../x86_64-linux-gnu/crt1.o /usr/lib/gcc/x86_64-linux-gnu/5/../../../x86_64-linux-gnu/crti.o /usr/lib/gcc/x86_64-linux-gnu/5/crtbegin.o -L/usr/lib/gcc/x86_64-linux-gnu/5 -L/usr/lib/gcc/x86_64-linux-gnu/5/../../../x86_64-linux-gnu -L/usr/lib/gcc/x86_64-linux-gnu/5/../../../../lib -L/lib/x86_64-linux-gnu -L/lib/../lib -L/usr/lib/x86_64-linux-gnu -L/usr/lib/../lib -L/usr/lib/gcc/x86_64-linux-gnu/5/../../.. CMakeFiles/cmTC_8880d.dir/CMakeCXXCompilerABI.cpp.o -lstdc++ -lm -lgcc_s -lgcc -lc -lgcc_s -lgcc /usr/lib/gcc/x86_64-linux-gnu/5/crtend.o /usr/lib/gcc/x86_64-linux-gnu/5/../../../x86_64-linux-gnu/crtn.o
make[1]: Leaving directory '/home/savan/Workspace/CS544/csc544-savankiran/A07P01/CMakeFiles/CMakeTmp'


Parsed CXX implicit link information from above output:
  link line regex: [^( *|.*[/\])(ld|([^/\]+-)?ld|collect2)[^/\]*( |$)]
  ignore line: [Change Dir: /home/savan/Workspace/CS544/csc544-savankiran/A07P01/CMakeFiles/CMakeTmp]
  ignore line: []
  ignore line: [Run Build Command:"/usr/bin/make" "cmTC_8880d/fast"]
  ignore line: [/usr/bin/make -f CMakeFiles/cmTC_8880d.dir/build.make CMakeFiles/cmTC_8880d.dir/build]
  ignore line: [make[1]: Entering directory '/home/savan/Workspace/CS544/csc544-savankiran/A07P01/CMakeFiles/CMakeTmp']
  ignore line: [Building CXX object CMakeFiles/cmTC_8880d.dir/CMakeCXXCompilerABI.cpp.o]
  ignore line: [/usr/bin/c++      -o CMakeFiles/cmTC_8880d.dir/CMakeCXXCompilerABI.cpp.o -c /usr/share/cmake-3.5/Modules/CMakeCXXCompilerABI.cpp]
  ignore line: [Linking CXX executable cmTC_8880d]
  ignore line: [/usr/bin/cmake -E cmake_link_script CMakeFiles/cmTC_8880d.dir/link.txt --verbose=1]
  ignore line: [/usr/bin/c++       -v CMakeFiles/cmTC_8880d.dir/CMakeCXXCompilerABI.cpp.o  -o cmTC_8880d -rdynamic  ]
  ignore line: [Using built-in specs.]
  ignore line: [COLLECT_GCC=/usr/bin/c++]
  ignore line: [COLLECT_LTO_WRAPPER=/usr/lib/gcc/x86_64-linux-gnu/5/lto-wrapper]
  ignore line: [Target: x86_64-linux-gnu]
  ignore line: [Configured with: ../src/configure -v --with-pkgversion='Ubuntu 5.4.1-2ubuntu1~16.04' --with-bugurl=file:///usr/share/doc/gcc-5/README.Bugs --enable-languages=c,ada,c++,java,go,d,fortran,objc,obj-c++ --prefix=/usr --program-suffix=-5 --enable-shared --enable-linker-build-id --libexecdir=/usr/lib --without-included-gettext --enable-threads=posix --libdir=/usr/lib --enable-nls --with-sysroot=/ --enable-clocale=gnu --enable-libstdcxx-debug --enable-libstdcxx-time=yes --with-default-libstdcxx-abi=new --enable-gnu-unique-object --disable-vtable-verify --enable-libmpx --enable-plugin --with-system-zlib --disable-browser-plugin --enable-java-awt=gtk --enable-gtk-cairo --with-java-home=/usr/lib/jvm/java-1.5.0-gcj-5-amd64/jre --enable-java-home --with-jvm-root-dir=/usr/lib/jvm/java-1.5.0-gcj-5-amd64 --with-jvm-jar-dir=/usr/lib/jvm-exports/java-1.5.0-gcj-5-amd64 --with-arch-directory=amd64 --with-ecj-jar=/usr/share/java/eclipse-ecj.jar --enable-objc-gc --enable-multiarch --disable-werror --with-arch-32=i686 --with-abi=m64 --with-multilib-list=m32,m64,mx32 --enable-multilib --with-tune=generic --enable-checking=release --build=x86_64-linux-gnu --host=x86_64-linux-gnu --target=x86_64-linux-gnu]
  ignore line: [Thread model: posix]
  ignore line: [gcc version 5.4.1 20160904 (Ubuntu 5.4.1-2ubuntu1~16.04) ]
  ignore line: [COMPILER_PATH=/usr/lib/gcc/x86_64-linux-gnu/5/:/usr/lib/gcc/x86_64-linux-gnu/5/:/usr/lib/gcc/x86_64-linux-gnu/:/usr/lib/gcc/x86_64-linux-gnu/5/:/usr/lib/gcc/x86_64-linux-gnu/]
  ignore line: [LIBRARY_PATH=/usr/lib/gcc/x86_64-linux-gnu/5/:/usr/lib/gcc/x86_64-linux-gnu/5/../../../x86_64-linux-gnu/:/usr/lib/gcc/x86_64-linux-gnu/5/../../../../lib/:/lib/x86_64-linux-gnu/:/lib/../lib/:/usr/lib/x86_64-linux-gnu/:/usr/lib/../lib/:/usr/lib/gcc/x86_64-linux-gnu/5/../../../:/lib/:/usr/lib/]
  ignore line: [COLLECT_GCC_OPTIONS='-v' '-o' 'cmTC_8880d' '-rdynamic' '-shared-libgcc' '-mtune=generic' '-march=x86-64']
  link line: [ /usr/lib/gcc/x86_64-linux-gnu/5/collect2 -plugin /usr/lib/gcc/x86_64-linux-gnu/5/liblto_plugin.so -plugin-opt=/usr/lib/gcc/x86_64-linux-gnu/5/lto-wrapper -plugin-opt=-fresolution=/tmp/ccNWvQdG.res -plugin-opt=-pass-through=-lgcc_s -plugin-opt=-pass-through=-lgcc -plugin-opt=-pass-through=-lc -plugin-opt=-pass-through=-lgcc_s -plugin-opt=-pass-through=-lgcc --sysroot=/ --build-id --eh-frame-hdr -m elf_x86_64 --hash-style=gnu --as-needed -export-dynamic -dynamic-linker /lib64/ld-linux-x86-64.so.2 -z relro -o cmTC_8880d /usr/lib/gcc/x86_64-linux-gnu/5/../../../x86_64-linux-gnu/crt1.o /usr/lib/gcc/x86_64-linux-gnu/5/../../../x86_64-linux-gnu/crti.o /usr/lib/gcc/x86_64-linux-gnu/5/crtbegin.o -L/usr/lib/gcc/x86_64-linux-gnu/5 -L/usr/lib/gcc/x86_64-linux-gnu/5/../../../x86_64-linux-gnu -L/usr/lib/gcc/x86_64-linux-gnu/5/../../../../lib -L/lib/x86_64-linux-gnu -L/lib/../lib -L/usr/lib/x86_64-linux-gnu -L/usr/lib/../lib -L/usr/lib/gcc/x86_64-linux-gnu/5/../../.. CMakeFiles/cmTC_8880d.dir/CMakeCXXCompilerABI.cpp.o -lstdc++ -lm -lgcc_s -lgcc -lc -lgcc_s -lgcc /usr/lib/gcc/x86_64-linux-gnu/5/crtend.o /usr/lib/gcc/x86_64-linux-gnu/5/../../../x86_64-linux-gnu/crtn.o]
    arg [/usr/lib/gcc/x86_64-linux-gnu/5/collect2] ==> ignore
    arg [-plugin] ==> ignore
    arg [/usr/lib/gcc/x86_64-linux-gnu/5/liblto_plugin.so] ==> ignore
    arg [-plugin-opt=/usr/lib/gcc/x86_64-linux-gnu/5/lto-wrapper] ==> ignore
    arg [-plugin-opt=-fresolution=/tmp/ccNWvQdG.res] ==> ignore
    arg [-plugin-opt=-pass-through=-lgcc_s] ==> ignore
    arg [-plugin-opt=-pass-through=-lgcc] ==> ignore
    arg [-plugin-opt=-pass-through=-lc] ==> ignore
    arg [-plugin-opt=-pass-through=-lgcc_s] ==> ignore
    arg [-plugin-opt=-pass-through=-lgcc] ==> ignore
    arg [--sysroot=/] ==> ignore
    arg [--build-id] ==> ignore
    arg [--eh-frame-hdr] ==> ignore
    arg [-m] ==> ignore
    arg [elf_x86_64] ==> ignore
    arg [--hash-style=gnu] ==> ignore
    arg [--as-needed] ==> ignore
    arg [-export-dynamic] ==> ignore
    arg [-dynamic-linker] ==> ignore
    arg [/lib64/ld-linux-x86-64.so.2] ==> ignore
    arg [-zrelro] ==> ignore
    arg [-o] ==> ignore
    arg [cmTC_8880d] ==> ignore
    arg [/usr/lib/gcc/x86_64-linux-gnu/5/../../../x86_64-linux-gnu/crt1.o] ==> ignore
    arg [/usr/lib/gcc/x86_64-linux-gnu/5/../../../x86_64-linux-gnu/crti.o] ==> ignore
    arg [/usr/lib/gcc/x86_64-linux-gnu/5/crtbegin.o] ==> ignore
    arg [-L/usr/lib/gcc/x86_64-linux-gnu/5] ==> dir [/usr/lib/gcc/x86_64-linux-gnu/5]
    arg [-L/usr/lib/gcc/x86_64-linux-gnu/5/../../../x86_64-linux-gnu] ==> dir [/usr/lib/gcc/x86_64-linux-gnu/5/../../../x86_64-linux-gnu]
    arg [-L/usr/lib/gcc/x86_64-linux-gnu/5/../../../../lib] ==> dir [/usr/lib/gcc/x86_64-linux-gnu/5/../../../../lib]
    arg [-L/lib/x86_64-linux-gnu] ==> dir [/lib/x86_64-linux-gnu]
    arg [-L/lib/../lib] ==> dir [/lib/../lib]
    arg [-L/usr/lib/x86_64-linux-gnu] ==> dir [/usr/lib/x86_64-linux-gnu]
    arg [-L/usr/lib/../lib] ==> dir [/usr/lib/../lib]
    arg [-L/usr/lib/gcc/x86_64-linux-gnu/5/../../..] ==> dir [/usr/lib/gcc/x86_64-linux-gnu/5/../../..]
    arg [CMakeFiles/cmTC_8880d.dir/CMakeCXXCompilerABI.cpp.o] ==> ignore
    arg [-lstdc++] ==> lib [stdc++]
    arg [-lm] ==> lib [m]
    arg [-lgcc_s] ==> lib [gcc_s]
    arg [-lgcc] ==> lib [gcc]
    arg [-lc] ==> lib [c]
    arg [-lgcc_s] ==> lib [gcc_s]
    arg [-lgcc] ==> lib [gcc]
    arg [/usr/lib/gcc/x86_64-linux-gnu/5/crtend.o] ==> ignore
    arg [/usr/lib/gcc/x86_64-linux-gnu/5/../../../x86_64-linux-gnu/crtn.o] ==> ignore
  remove lib [gcc_s]
  remove lib [gcc]
  remove lib [gcc_s]
  remove lib [gcc]
  collapse library dir [/usr/lib/gcc/x86_64-linux-gnu/5] ==> [/usr/lib/gcc/x86_64-linux-gnu/5]
  collapse library dir [/usr/lib/gcc/x86_64-linux-gnu/5/../../../x86_64-linux-gnu] ==> [/usr/lib/x86_64-linux-gnu]
  collapse library dir [/usr/lib/gcc/x86_64-linux-gnu/5/../../../../lib] ==> [/usr/lib]
  collapse library dir [/lib/x86_64-linux-gnu] ==> [/lib/x86_64-linux-gnu]
  collapse library dir [/lib/../lib] ==> [/lib]
  collapse library dir [/usr/lib/x86_64-linux-gnu] ==> [/usr/lib/x86_64-linux-gnu]
  collapse library dir [/usr/lib/../lib] ==> [/usr/lib]
  collapse library dir [/usr/lib/gcc/x86_64-linux-gnu/5/../../..] ==> [/usr/lib]
  implicit libs: [stdc++;m;c]
  implicit dirs: [/usr/lib/gcc/x86_64-linux-gnu/5;/usr/lib/x86_64-linux-gnu;/usr/lib;/lib/x86_64-linux-gnu;/lib]
  implicit fwks: []




Detecting CXX [-std=c++14] compiler features compiled with the following output:
Change Dir: /home/savan/Workspace/CS544/csc544-savankiran/A07P01/CMakeFiles/CMakeTmp

Run Build Command:"/usr/bin/make" "cmTC_d82c8/fast"
/usr/bin/make -f CMakeFiles/cmTC_d82c8.dir/build.make CMakeFiles/cmTC_d82c8.dir/build
make[1]: Entering directory '/home/savan/Workspace/CS544/csc544-savankiran/A07P01/CMakeFiles/CMakeTmp'
Building CXX object CMakeFiles/cmTC_d82c8.dir/feature_tests.cxx.o
/usr/bin/c++     -std=c++14 -o CMakeFiles/cmTC_d82c8.dir/feature_tests.cxx.o -c /home/savan/Workspace/CS544/csc544-savankiran/A07P01/CMakeFiles/feature_tests.cxx
Linking CXX executable cmTC_d82c8
/usr/bin/cmake -E cmake_link_script CMakeFiles/cmTC_d82c8.dir/link.txt --verbose=1
/usr/bin/c++        CMakeFiles/cmTC_d82c8.dir/feature_tests.cxx.o  -o cmTC_d82c8 -rdynamic 
make[1]: Leaving directory '/home/savan/Workspace/CS544/csc544-savankiran/A07P01/CMakeFiles/CMakeTmp'


    Feature record: CXX_FEATURE:1cxx_aggregate_default_initializers
    Feature record: CXX_FEATURE:1cxx_alias_templates
    Feature record: CXX_FEATURE:1cxx_alignas
    Feature record: CXX_FEATURE:1cxx_alignof
    Feature record: CXX_FEATURE:1cxx_attributes
    Feature record: CXX_FEATURE:1cxx_attribute_deprecated
    Feature record: CXX_FEATURE:1cxx_auto_type
    Feature record: CXX_FEATURE:1cxx_binary_literals
    Feature record: CXX_FEATURE:1cxx_constexpr
    Feature record: CXX_FEATURE:1cxx_contextual_conversions
    Feature record: CXX_FEATURE:1cxx_decltype
    Feature record: CXX_FEATURE:1cxx_decltype_auto
    Feature record: CXX_FEATURE:1cxx_decltype_incomplete_return_types
    Feature record: CXX_FEATURE:1cxx_default_function_template_args
    Feature record: CXX_FEATURE:1cxx_defaulted_functions
    Feature record: CXX_FEATURE:1cxx_defaulted_move_initializers
    Feature record: CXX_FEATURE:1cxx_delegating_constructors
    Feature record: CXX_FEATURE:1cxx_deleted_functions
    Feature record: CXX_FEATURE:1cxx_digit_separators
    Feature record: CXX_FEATURE:1cxx_enum_forward_declarations
    Feature record: CXX_FEATURE:1cxx_explicit_conversions
    Feature record: CXX_FEATURE:1cxx_extended_friend_declarations
    Feature record: CXX_FEATURE:1cxx_extern_templates
    Feature record: CXX_FEATURE:1cxx_final
    Feature record: CXX_FEATURE:1cxx_func_identifier
    Feature record: CXX_FEATURE:1cxx_generalized_initializers
    Feature record: CXX_FEATURE:1cxx_generic_lambdas
    Feature record: CXX_FEATURE:1cxx_inheriting_constructors
    Feature record: CXX_FEATURE:1cxx_inline_namespaces
    Feature record: CXX_FEATURE:1cxx_lambdas
    Feature record: CXX_FEATURE:1cxx_lambda_init_captures
    Feature record: CXX_FEATURE:1cxx_local_type_template_args
    Feature record: CXX_FEATURE:1cxx_long_long_type
    Feature record: CXX_FEATURE:1cxx_noexcept
    Feature record: CXX_FEATURE:1cxx_nonstatic_member_init
    Feature record: CXX_FEATURE:1cxx_nullptr
    Feature record: CXX_FEATURE:1cxx_override
    Feature record: CXX_FEATURE:1cxx_range_for
    Feature record: CXX_FEATURE:1cxx_raw_string_literals
    Feature record: CXX_FEATURE:1cxx_reference_qualified_functions
    Feature record: CXX_FEATURE:1cxx_relaxed_constexpr
    Feature record: CXX_FEATURE:1cxx_return_type_deduction
    Feature record: CXX_FEATURE:1cxx_right_angle_brackets
    Feature record: CXX_FEATURE:1cxx_rvalue_references
    Feature record: CXX_FEATURE:1cxx_sizeof_member
    Feature record: CXX_FEATURE:1cxx_static_assert
    Feature record: CXX_FEATURE:1cxx_strong_enums
    Feature record: CXX_FEATURE:1cxx_template_template_parameters
    Feature record: CXX_FEATURE:1cxx_thread_local
    Feature record: CXX_FEATURE:1cxx_trailing_return_types
    Feature record: CXX_FEATURE:1cxx_unicode_literals
    Feature record: CXX_FEATURE:1cxx_uniform_initialization
    Feature record: CXX_FEATURE:1cxx_unrestricted_unions
    Feature record: CXX_FEATURE:1cxx_user_literals
    Feature record: CXX_FEATURE:1cxx_variable_templates
    Feature record: CXX_FEATURE:1cxx_variadic_macros
    Feature record: CXX_FEATURE:1cxx_variadic_templates


Detecting CXX [-std=c++11] compiler features compiled with the following output:
Change Dir: /home/savan/Workspace/CS544/csc544-savankiran/A07P01/CMakeFiles/CMakeTmp

Run Build Command:"/usr/bin/make" "cmTC_e807b/fast"
/usr/bin/make -f CMakeFiles/cmTC_e807b.dir/build.make CMakeFiles/cmTC_e807b.dir/build
make[1]: Entering directory '/home/savan/Workspace/CS544/csc544-savankiran/A07P01/CMakeFiles/CMakeTmp'
Building CXX object CMakeFiles/cmTC_e807b.dir/feature_tests.cxx.o
/usr/bin/c++     -std=c++11 -o CMakeFiles/cmTC_e807b.dir/feature_tests.cxx.o -c /home/savan/Workspace/CS544/csc544-savankiran/A07P01/CMakeFiles/feature_tests.cxx
Linking CXX executable cmTC_e807b
/usr/bin/cmake -E cmake_link_script CMakeFiles/cmTC_e807b.dir/link.txt --verbose=1
/usr/bin/c++        CMakeFiles/cmTC_e807b.dir/feature_tests.cxx.o  -o cmTC_e807b -rdynamic 
make[1]: Leaving directory '/home/savan/Workspace/CS544/csc544-savankiran/A07P01/CMakeFiles/CMakeTmp'


    Feature record: CXX_FEATURE:0cxx_aggregate_default_initializers
    Feature record: CXX_FEATURE:1cxx_alias_templates
    Feature record: CXX_FEATURE:1cxx_alignas
    Feature record: CXX_FEATURE:1cxx_alignof
    Feature record: CXX_FEATURE:1cxx_attributes
    Feature record: CXX_FEATURE:0cxx_attribute_deprecated
    Feature record: CXX_FEATURE:1cxx_auto_type
    Feature record: CXX_FEATURE:0cxx_binary_literals
    Feature record: CXX_FEATURE:1cxx_constexpr
    Feature record: CXX_FEATURE:0cxx_contextual_conversions
    Feature record: CXX_FEATURE:1cxx_decltype
    Feature record: CXX_FEATURE:0cxx_decltype_auto
    Feature record: CXX_FEATURE:1cxx_decltype_incomplete_return_types
    Feature record: CXX_FEATURE:1cxx_default_function_template_args
    Feature record: CXX_FEATURE:1cxx_defaulted_functions
    Feature record: CXX_FEATURE:1cxx_defaulted_move_initializers
    Feature record: CXX_FEATURE:1cxx_delegating_constructors
    Feature record: CXX_FEATURE:1cxx_deleted_functions
    Feature record: CXX_FEATURE:0cxx_digit_separators
    Feature record: CXX_FEATURE:1cxx_enum_forward_declarations
    Feature record: CXX_FEATURE:1cxx_explicit_conversions
    Feature record: CXX_FEATURE:1cxx_extended_friend_declarations
    Feature record: CXX_FEATURE:1cxx_extern_templates
    Feature record: CXX_FEATURE:1cxx_final
    Feature record: CXX_FEATURE:1cxx_func_identifier
    Feature record: CXX_FEATURE:1cxx_generalized_initializers
    Feature record: CXX_FEATURE:0cxx_generic_lambdas
    Feature record: CXX_FEATURE:1cxx_inheriting_constructors
    Feature record: CXX_FEATURE:1cxx_inline_namespaces
    Feature record: CXX_FEATURE:1cxx_lambdas
    Feature record: CXX_FEATURE:0cxx_lambda_init_captures
    Feature record: CXX_FEATURE:1cxx_local_type_template_args
    Feature record: CXX_FEATURE:1cxx_long_long_type
    Feature record: CXX_FEATURE:1cxx_noexcept
    Feature record: CXX_FEATURE:1cxx_nonstatic_member_init
    Feature record: CXX_FEATURE:1cxx_nullptr
    Feature record: CXX_FEATURE:1cxx_override
    Feature record: CXX_FEATURE:1cxx_range_for
    Feature record: CXX_FEATURE:1cxx_raw_string_literals
    Feature record: CXX_FEATURE:1cxx_reference_qualified_functions
    Feature record: CXX_FEATURE:0cxx_relaxed_constexpr
    Feature record: CXX_FEATURE:0cxx_return_type_deduction
    Feature record: CXX_FEATURE:1cxx_right_angle_brackets
    Feature record: CXX_FEATURE:1cxx_rvalue_references
    Feature record: CXX_FEATURE:1cxx_sizeof_member
    Feature record: CXX_FEATURE:1cxx_static_assert
    Feature record: CXX_FEATURE:1cxx_strong_enums
    Feature record: CXX_FEATURE:1cxx_template_template_parameters
    Feature record: CXX_FEATURE:1cxx_thread_local
    Feature record: CXX_FEATURE:1cxx_trailing_return_types
    Feature record: CXX_FEATURE:1cxx_unicode_literals
    Feature record: CXX_FEATURE:1cxx_uniform_initialization
    Feature record: CXX_FEATURE:1cxx_unrestricted_unions
    Feature record: CXX_FEATURE:1cxx_user_literals
    Feature record: CXX_FEATURE:0cxx_variable_templates
    Feature record: CXX_FEATURE:1cxx_variadic_macros
    Feature record: CXX_FEATURE:1cxx_variadic_templates


Detecting CXX [-std=c++98] compiler features compiled with the following output:
Change Dir: /home/savan/Workspace/CS544/csc544-savankiran/A07P01/CMakeFiles/CMakeTmp

Run Build Command:"/usr/bin/make" "cmTC_b8d32/fast"
/usr/bin/make -f CMakeFiles/cmTC_b8d32.dir/build.make CMakeFiles/cmTC_b8d32.dir/build
make[1]: Entering directory '/home/savan/Workspace/CS544/csc544-savankiran/A07P01/CMakeFiles/CMakeTmp'
Building CXX object CMakeFiles/cmTC_b8d32.dir/feature_tests.cxx.o
/usr/bin/c++     -std=c++98 -o CMakeFiles/cmTC_b8d32.dir/feature_tests.cxx.o -c /home/savan/Workspace/CS544/csc544-savankiran/A07P01/CMakeFiles/feature_tests.cxx
Linking CXX executable cmTC_b8d32
/usr/bin/cmake -E cmake_link_script CMakeFiles/cmTC_b8d32.dir/link.txt --verbose=1
/usr/bin/c++        CMakeFiles/cmTC_b8d32.dir/feature_tests.cxx.o  -o cmTC_b8d32 -rdynamic 
make[1]: Leaving directory '/home/savan/Workspace/CS544/csc544-savankiran/A07P01/CMakeFiles/CMakeTmp'


    Feature record: CXX_FEATURE:0cxx_aggregate_default_initializers
    Feature record: CXX_FEATURE:0cxx_alias_templates
    Feature record: CXX_FEATURE:0cxx_alignas
    Feature record: CXX_FEATURE:0cxx_alignof
    Feature record: CXX_FEATURE:0cxx_attributes
    Feature record: CXX_FEATURE:0cxx_attribute_deprecated
    Feature record: CXX_FEATURE:0cxx_auto_type
    Feature record: CXX_FEATURE:0cxx_binary_literals
    Feature record: CXX_FEATURE:0cxx_constexpr
    Feature record: CXX_FEATURE:0cxx_contextual_conversions
    Feature record: CXX_FEATURE:0cxx_decltype
    Feature record: CXX_FEATURE:0cxx_decltype_auto
    Feature record: CXX_FEATURE:0cxx_decltype_incomplete_return_types
    Feature record: CXX_FEATURE:0cxx_default_function_template_args
    Feature record: CXX_FEATURE:0cxx_defaulted_functions
    Feature record: CXX_FEATURE:0cxx_defaulted_move_initializers
    Feature record: CXX_FEATURE:0cxx_delegating_constructors
    Feature record: CXX_FEATURE:0cxx_deleted_functions
    Feature record: CXX_FEATURE:0cxx_digit_separators
    Feature record: CXX_FEATURE:0cxx_enum_forward_declarations
    Feature record: CXX_FEATURE:0cxx_explicit_conversions
    Feature record: CXX_FEATURE:0cxx_extended_friend_declarations
    Feature record: CXX_FEATURE:0cxx_extern_templates
    Feature record: CXX_FEATURE:0cxx_final
    Feature record: CXX_FEATURE:0cxx_func_identifier
    Feature record: CXX_FEATURE:0cxx_generalized_initializers
    Feature record: CXX_FEATURE:0cxx_generic_lambdas
    Feature record: CXX_FEATURE:0cxx_inheriting_constructors
    Feature record: CXX_FEATURE:0cxx_inline_namespaces
    Feature record: CXX_FEATURE:0cxx_lambdas
    Feature record: CXX_FEATURE:0cxx_lambda_init_captures
    Feature record: CXX_FEATURE:0cxx_local_type_template_args
    Feature record: CXX_FEATURE:0cxx_long_long_type
    Feature record: CXX_FEATURE:0cxx_noexcept
    Feature record: CXX_FEATURE:0cxx_nonstatic_member_init
    Feature record: CXX_FEATURE:0cxx_nullptr
    Feature record: CXX_FEATURE:0cxx_override
    Feature record: CXX_FEATURE:0cxx_range_for
    Feature record: CXX_FEATURE:0cxx_raw_string_literals
    Feature record: CXX_FEATURE:0cxx_reference_qualified_functions
    Feature record: CXX_FEATURE:0cxx_relaxed_constexpr
    Feature record: CXX_FEATURE:0cxx_return_type_deduction
    Feature record: CXX_FEATURE:0cxx_right_angle_brackets
    Feature record: CXX_FEATURE:0cxx_rvalue_references
    Feature record: CXX_FEATURE:0cxx_sizeof_member
    Feature record: CXX_FEATURE:0cxx_static_assert
    Feature record: CXX_FEATURE:0cxx_strong_enums
    Feature record: CXX_FEATURE:1cxx_template_template_parameters
    Feature record: CXX_FEATURE:0cxx_thread_local
    Feature record: CXX_FEATURE:0cxx_trailing_return_types
    Feature record: CXX_FEATURE:0cxx_unicode_literals
    Feature record: CXX_FEATURE:0cxx_uniform_initialization
    Feature record: CXX_FEATURE:0cxx_unrestricted_unions
    Feature record: CXX_FEATURE:0cxx_user_literals
    Feature record: CXX_FEATURE:0cxx_variable_templates
    Feature record: CXX_FEATURE:0cxx_variadic_macros
    Feature record: CXX_FEATURE:0cxx_variadic_templates
Determining if the function XOpenDisplay exists in the /usr/lib/x86_64-linux-gnu/libX11.so;/usr/lib/x86_64-linux-gnu/libXext.so passed with the following output:
Change Dir: /home/savan/Workspace/CS544/csc544-savankiran/A07P01/CMakeFiles/CMakeTmp

Run Build Command:"/usr/bin/make" "cmTC_a0af5/fast"
/usr/bin/make -f CMakeFiles/cmTC_a0af5.dir/build.make CMakeFiles/cmTC_a0af5.dir/build
make[1]: Entering directory '/home/savan/Workspace/CS544/csc544-savankiran/A07P01/CMakeFiles/CMakeTmp'
Building C object CMakeFiles/cmTC_a0af5.dir/CheckFunctionExists.c.o
/usr/bin/cc    -DCHECK_FUNCTION_EXISTS=XOpenDisplay   -o CMakeFiles/cmTC_a0af5.dir/CheckFunctionExists.c.o   -c /usr/share/cmake-3.5/Modules/CheckFunctionExists.c
Linking C executable cmTC_a0af5
/usr/bin/cmake -E cmake_link_script CMakeFiles/cmTC_a0af5.dir/link.txt --verbose=1
/usr/bin/cc   -DCHECK_FUNCTION_EXISTS=XOpenDisplay    CMakeFiles/cmTC_a0af5.dir/CheckFunctionExists.c.o  -o cmTC_a0af5 -rdynamic /usr/lib/x86_64-linux-gnu/libX11.so /usr/lib/x86_64-linux-gnu/libXext.so 
make[1]: Leaving directory '/home/savan/Workspace/CS544/csc544-savankiran/A07P01/CMakeFiles/CMakeTmp'


Determining if the function gethostbyname exists passed with the following output:
Change Dir: /home/savan/Workspace/CS544/csc544-savankiran/A07P01/CMakeFiles/CMakeTmp

Run Build Command:"/usr/bin/make" "cmTC_10330/fast"
/usr/bin/make -f CMakeFiles/cmTC_10330.dir/build.make CMakeFiles/cmTC_10330.dir/build
make[1]: Entering directory '/home/savan/Workspace/CS544/csc544-savankiran/A07P01/CMakeFiles/CMakeTmp'
Building C object CMakeFiles/cmTC_10330.dir/CheckFunctionExists.c.o
/usr/bin/cc    -DCHECK_FUNCTION_EXISTS=gethostbyname   -o CMakeFiles/cmTC_10330.dir/CheckFunctionExists.c.o   -c /usr/share/cmake-3.5/Modules/CheckFunctionExists.c
Linking C executable cmTC_10330
/usr/bin/cmake -E cmake_link_script CMakeFiles/cmTC_10330.dir/link.txt --verbose=1
/usr/bin/cc   -DCHECK_FUNCTION_EXISTS=gethostbyname    CMakeFiles/cmTC_10330.dir/CheckFunctionExists.c.o  -o cmTC_10330 -rdynamic 
make[1]: Leaving directory '/home/savan/Workspace/CS544/csc544-savankiran/A07P01/CMakeFiles/CMakeTmp'


Determining if the function connect exists passed with the following output:
Change Dir: /home/savan/Workspace/CS544/csc544-savankiran/A07P01/CMakeFiles/CMakeTmp

Run Build Command:"/usr/bin/make" "cmTC_3b281/fast"
/usr/bin/make -f CMakeFiles/cmTC_3b281.dir/build.make CMakeFiles/cmTC_3b281.dir/build
make[1]: Entering directory '/home/savan/Workspace/CS544/csc544-savankiran/A07P01/CMakeFiles/CMakeTmp'
Building C object CMakeFiles/cmTC_3b281.dir/CheckFunctionExists.c.o
/usr/bin/cc    -DCHECK_FUNCTION_EXISTS=connect   -o CMakeFiles/cmTC_3b281.dir/CheckFunctionExists.c.o   -c /usr/share/cmake-3.5/Modules/CheckFunctionExists.c
Linking C executable cmTC_3b281
/usr/bin/cmake -E cmake_link_script CMakeFiles/cmTC_3b281.dir/link.txt --verbose=1
/usr/bin/cc   -DCHECK_FUNCTION_EXISTS=connect    CMakeFiles/cmTC_3b281.dir/CheckFunctionExists.c.o  -o cmTC_3b281 -rdynamic 
make[1]: Leaving directory '/home/savan/Workspace/CS544/csc544-savankiran/A07P01/CMakeFiles/CMakeTmp'


Determining if the function remove exists passed with the following output:
Change Dir: /home/savan/Workspace/CS544/csc544-savankiran/A07P01/CMakeFiles/CMakeTmp

Run Build Command:"/usr/bin/make" "cmTC_a0f10/fast"
/usr/bin/make -f CMakeFiles/cmTC_a0f10.dir/build.make CMakeFiles/cmTC_a0f10.dir/build
make[1]: Entering directory '/home/savan/Workspace/CS544/csc544-savankiran/A07P01/CMakeFiles/CMakeTmp'
Building C object CMakeFiles/cmTC_a0f10.dir/CheckFunctionExists.c.o
/usr/bin/cc    -DCHECK_FUNCTION_EXISTS=remove   -o CMakeFiles/cmTC_a0f10.dir/CheckFunctionExists.c.o   -c /usr/share/cmake-3.5/Modules/CheckFunctionExists.c
Linking C executable cmTC_a0f10
/usr/bin/cmake -E cmake_link_script CMakeFiles/cmTC_a0f10.dir/link.txt --verbose=1
/usr/bin/cc   -DCHECK_FUNCTION_EXISTS=remove    CMakeFiles/cmTC_a0f10.dir/CheckFunctionExists.c.o  -o cmTC_a0f10 -rdynamic 
make[1]: Leaving directory '/home/savan/Workspace/CS544/csc544-savankiran/A07P01/CMakeFiles/CMakeTmp'


Determining if the function shmat exists passed with the following output:
Change Dir: /home/savan/Workspace/CS544/csc544-savankiran/A07P01/CMakeFiles/CMakeTmp

Run Build Command:"/usr/bin/make" "cmTC_16431/fast"
/usr/bin/make -f CMakeFiles/cmTC_16431.dir/build.make CMakeFiles/cmTC_16431.dir/build
make[1]: Entering directory '/home/savan/Workspace/CS544/csc544-savankiran/A07P01/CMakeFiles/CMakeTmp'
Building C object CMakeFiles/cmTC_16431.dir/CheckFunctionExists.c.o
/usr/bin/cc    -DCHECK_FUNCTION_EXISTS=shmat   -o CMakeFiles/cmTC_16431.dir/CheckFunctionExists.c.o   -c /usr/share/cmake-3.5/Modules/CheckFunctionExists.c
Linking C executable cmTC_16431
/usr/bin/cmake -E cmake_link_script CMakeFiles/cmTC_16431.dir/link.txt --verbose=1
/usr/bin/cc   -DCHECK_FUNCTION_EXISTS=shmat    CMakeFiles/cmTC_16431.dir/CheckFunctionExists.c.o  -o cmTC_16431 -rdynamic 
make[1]: Leaving directory '/home/savan/Workspace/CS544/csc544-savankiran/A07P01/CMakeFiles/CMakeTmp'


Determining if the function IceConnectionNumber exists in the ICE passed with the following output:
Change Dir: /home/savan/Workspace/CS544/csc544-savankiran/A07P01/CMakeFiles/CMakeTmp

Run Build Command:"/usr/bin/make" "cmTC_6d504/fast"
/usr/bin/make -f CMakeFiles/cmTC_6d504.dir/build.make CMakeFiles/cmTC_6d504.dir/build
make[1]: Entering directory '/home/savan/Workspace/CS544/csc544-savankiran/A07P01/CMakeFiles/CMakeTmp'
Building C object CMakeFiles/cmTC_6d504.dir/CheckFunctionExists.c.o
/usr/bin/cc    -DCHECK_FUNCTION_EXISTS=IceConnectionNumber   -o CMakeFiles/cmTC_6d504.dir/CheckFunctionExists.c.o   -c /usr/share/cmake-3.5/Modules/CheckFunctionExists.c
Linking C executable cmTC_6d504
/usr/bin/cmake -E cmake_link_script CMakeFiles/cmTC_6d504.dir/link.txt --verbose=1
/usr/bin/cc   -DCHECK_FUNCTION_EXISTS=IceConnectionNumber    CMakeFiles/cmTC_6d504.dir/CheckFunctionExists.c.o  -o cmTC_6d504 -rdynamic -lICE 
make[1]: Leaving directory '/home/savan/Workspace/CS544/csc544-savankiran/A07P01/CMakeFiles/CMakeTmp'


Determining if the include file pthread.h exists passed with the following output:
Change Dir: /home/savan/Workspace/CS544/csc544-savankiran/A07P01/CMakeFiles/CMakeTmp

Run Build Command:"/usr/bin/make" "cmTC_bf81d/fast"
/usr/bin/make -f CMakeFiles/cmTC_bf81d.dir/build.make CMakeFiles/cmTC_bf81d.dir/build
make[1]: Entering directory '/home/savan/Workspace/CS544/csc544-savankiran/A07P01/CMakeFiles/CMakeTmp'
Building C object CMakeFiles/cmTC_bf81d.dir/CheckIncludeFile.c.o
/usr/bin/cc     -o CMakeFiles/cmTC_bf81d.dir/CheckIncludeFile.c.o   -c /home/savan/Workspace/CS544/csc544-savankiran/A07P01/CMakeFiles/CMakeTmp/CheckIncludeFile.c
Linking C executable cmTC_bf81d
/usr/bin/cmake -E cmake_link_script CMakeFiles/cmTC_bf81d.dir/link.txt --verbose=1
/usr/bin/cc       CMakeFiles/cmTC_bf81d.dir/CheckIncludeFile.c.o  -o cmTC_bf81d -rdynamic 
make[1]: Leaving directory '/home/savan/Workspace/CS544/csc544-savankiran/A07P01/CMakeFiles/CMakeTmp'


Determining if the function pthread_create exists in the pthread passed with the following output:
Change Dir: /home/savan/Workspace/CS544/csc544-savankiran/A07P01/CMakeFiles/CMakeTmp

Run Build Command:"/usr/bin/make" "cmTC_22b6f/fast"
/usr/bin/make -f CMakeFiles/cmTC_22b6f.dir/build.make CMakeFiles/cmTC_22b6f.dir/build
make[1]: Entering directory '/home/savan/Workspace/CS544/csc544-savankiran/A07P01/CMakeFiles/CMakeTmp'
Building C object CMakeFiles/cmTC_22b6f.dir/CheckFunctionExists.c.o
/usr/bin/cc    -DCHECK_FUNCTION_EXISTS=pthread_create   -o CMakeFiles/cmTC_22b6f.dir/CheckFunctionExists.c.o   -c /usr/share/cmake-3.5/Modules/CheckFunctionExists.c
Linking C executable cmTC_22b6f
/usr/bin/cmake -E cmake_link_script CMakeFiles/cmTC_22b6f.dir/link.txt --verbose=1
/usr/bin/cc   -DCHECK_FUNCTION_EXISTS=pthread_create    CMakeFiles/cmTC_22b6f.dir/CheckFunctionExists.c.o  -o cmTC_22b6f -rdynamic -lpthread 
make[1]: Leaving directory '/home/savan/Workspace/CS544/csc544-savankiran/A07P01/CMakeFiles/CMakeTmp'


Determining if the function XOpenDisplay exists in the /usr/lib/x86_64-linux-gnu/libX11.so;/usr/lib/x86_64-linux-gnu/libXext.so passed with the following output:
Change Dir: /home/savan/Workspace/Summer/class_projects/DataVisualizations/VectorViz/CMakeFiles/CMakeTmp

Run Build Command:"/usr/bin/make" "cmTC_f1af4/fast"
/usr/bin/make -f CMakeFiles/cmTC_f1af4.dir/build.make CMakeFiles/cmTC_f1af4.dir/build
make[1]: Entering directory '/home/savan/Workspace/Summer/class_projects/DataVisualizations/VectorViz/CMakeFiles/CMakeTmp'
Building C object CMakeFiles/cmTC_f1af4.dir/CheckFunctionExists.c.o
/usr/bin/cc    -DCHECK_FUNCTION_EXISTS=XOpenDisplay   -o CMakeFiles/cmTC_f1af4.dir/CheckFunctionExists.c.o   -c /usr/share/cmake-3.5/Modules/CheckFunctionExists.c
Linking C executable cmTC_f1af4
/usr/bin/cmake -E cmake_link_script CMakeFiles/cmTC_f1af4.dir/link.txt --verbose=1
/usr/bin/cc   -DCHECK_FUNCTION_EXISTS=XOpenDisplay    CMakeFiles/cmTC_f1af4.dir/CheckFunctionExists.c.o  -o cmTC_f1af4 -rdynamic /usr/lib/x86_64-linux-gnu/libX11.so /usr/lib/x86_64-linux-gnu/libXext.so 
make[1]: Leaving directory '/home/savan/Workspace/Summer/class_projects/DataVisualizations/VectorViz/CMakeFiles/CMakeTmp'


Determining if the function gethostbyname exists passed with the following output:
Change Dir: /home/savan/Workspace/Summer/class_projects/DataVisualizations/VectorViz/CMakeFiles/CMakeTmp

Run Build Command:"/usr/bin/make" "cmTC_20eee/fast"
/usr/bin/make -f CMakeFiles/cmTC_20eee.dir/build.make CMakeFiles/cmTC_20eee.dir/build
make[1]: Entering directory '/home/savan/Workspace/Summer/class_projects/DataVisualizations/VectorViz/CMakeFiles/CMakeTmp'
Building C object CMakeFiles/cmTC_20eee.dir/CheckFunctionExists.c.o
/usr/bin/cc    -DCHECK_FUNCTION_EXISTS=gethostbyname   -o CMakeFiles/cmTC_20eee.dir/CheckFunctionExists.c.o   -c /usr/share/cmake-3.5/Modules/CheckFunctionExists.c
Linking C executable cmTC_20eee
/usr/bin/cmake -E cmake_link_script CMakeFiles/cmTC_20eee.dir/link.txt --verbose=1
/usr/bin/cc   -DCHECK_FUNCTION_EXISTS=gethostbyname    CMakeFiles/cmTC_20eee.dir/CheckFunctionExists.c.o  -o cmTC_20eee -rdynamic 
make[1]: Leaving directory '/home/savan/Workspace/Summer/class_projects/DataVisualizations/VectorViz/CMakeFiles/CMakeTmp'


Determining if the function connect exists passed with the following output:
Change Dir: /home/savan/Workspace/Summer/class_projects/DataVisualizations/VectorViz/CMakeFiles/CMakeTmp

Run Build Command:"/usr/bin/make" "cmTC_3adc9/fast"
/usr/bin/make -f CMakeFiles/cmTC_3adc9.dir/build.make CMakeFiles/cmTC_3adc9.dir/build
make[1]: Entering directory '/home/savan/Workspace/Summer/class_projects/DataVisualizations/VectorViz/CMakeFiles/CMakeTmp'
Building C object CMakeFiles/cmTC_3adc9.dir/CheckFunctionExists.c.o
/usr/bin/cc    -DCHECK_FUNCTION_EXISTS=connect   -o CMakeFiles/cmTC_3adc9.dir/CheckFunctionExists.c.o   -c /usr/share/cmake-3.5/Modules/CheckFunctionExists.c
Linking C executable cmTC_3adc9
/usr/bin/cmake -E cmake_link_script CMakeFiles/cmTC_3adc9.dir/link.txt --verbose=1
/usr/bin/cc   -DCHECK_FUNCTION_EXISTS=connect    CMakeFiles/cmTC_3adc9.dir/CheckFunctionExists.c.o  -o cmTC_3adc9 -rdynamic 
make[1]: Leaving directory '/home/savan/Workspace/Summer/class_projects/DataVisualizations/VectorViz/CMakeFiles/CMakeTmp'


Determining if the function remove exists passed with the following output:
Change Dir: /home/savan/Workspace/Summer/class_projects/DataVisualizations/VectorViz/CMakeFiles/CMakeTmp

Run Build Command:"/usr/bin/make" "cmTC_7f924/fast"
/usr/bin/make -f CMakeFiles/cmTC_7f924.dir/build.make CMakeFiles/cmTC_7f924.dir/build
make[1]: Entering directory '/home/savan/Workspace/Summer/class_projects/DataVisualizations/VectorViz/CMakeFiles/CMakeTmp'
Building C object CMakeFiles/cmTC_7f924.dir/CheckFunctionExists.c.o
/usr/bin/cc    -DCHECK_FUNCTION_EXISTS=remove   -o CMakeFiles/cmTC_7f924.dir/CheckFunctionExists.c.o   -c /usr/share/cmake-3.5/Modules/CheckFunctionExists.c
Linking C executable cmTC_7f924
/usr/bin/cmake -E cmake_link_script CMakeFiles/cmTC_7f924.dir/link.txt --verbose=1
/usr/bin/cc   -DCHECK_FUNCTION_EXISTS=remove    CMakeFiles/cmTC_7f924.dir/CheckFunctionExists.c.o  -o cmTC_7f924 -rdynamic 
make[1]: Leaving directory '/home/savan/Workspace/Summer/class_projects/DataVisualizations/VectorViz/CMakeFiles/CMakeTmp'


Determining if the function shmat exists passed with the following output:
Change Dir: /home/savan/Workspace/Summer/class_projects/DataVisualizations/VectorViz/CMakeFiles/CMakeTmp

Run Build Command:"/usr/bin/make" "cmTC_5ef7b/fast"
/usr/bin/make -f CMakeFiles/cmTC_5ef7b.dir/build.make CMakeFiles/cmTC_5ef7b.dir/build
make[1]: Entering directory '/home/savan/Workspace/Summer/class_projects/DataVisualizations/VectorViz/CMakeFiles/CMakeTmp'
Building C object CMakeFiles/cmTC_5ef7b.dir/CheckFunctionExists.c.o
/usr/bin/cc    -DCHECK_FUNCTION_EXISTS=shmat   -o CMakeFiles/cmTC_5ef7b.dir/CheckFunctionExists.c.o   -c /usr/share/cmake-3.5/Modules/CheckFunctionExists.c
Linking C executable cmTC_5ef7b
/usr/bin/cmake -E cmake_link_script CMakeFiles/cmTC_5ef7b.dir/link.txt --verbose=1
/usr/bin/cc   -DCHECK_FUNCTION_EXISTS=shmat    CMakeFiles/cmTC_5ef7b.dir/CheckFunctionExists.c.o  -o cmTC_5ef7b -rdynamic 
make[1]: Leaving directory '/home/savan/Workspace/Summer/class_projects/DataVisualizations/VectorViz/CMakeFiles/CMakeTmp'


Determining if the function IceConnectionNumber exists in the ICE passed with the following output:
Change Dir: /home/savan/Workspace/Summer/class_projects/DataVisualizations/VectorViz/CMakeFiles/CMakeTmp

Run Build Command:"/usr/bin/make" "cmTC_216bd/fast"
/usr/bin/make -f CMakeFiles/cmTC_216bd.dir/build.make CMakeFiles/cmTC_216bd.dir/build
make[1]: Entering directory '/home/savan/Workspace/Summer/class_projects/DataVisualizations/VectorViz/CMakeFiles/CMakeTmp'
Building C object CMakeFiles/cmTC_216bd.dir/CheckFunctionExists.c.o
/usr/bin/cc    -DCHECK_FUNCTION_EXISTS=IceConnectionNumber   -o CMakeFiles/cmTC_216bd.dir/CheckFunctionExists.c.o   -c /usr/share/cmake-3.5/Modules/CheckFunctionExists.c
Linking C executable cmTC_216bd
/usr/bin/cmake -E cmake_link_script CMakeFiles/cmTC_216bd.dir/link.txt --verbose=1
/usr/bin/cc   -DCHECK_FUNCTION_EXISTS=IceConnectionNumber    CMakeFiles/cmTC_216bd.dir/CheckFunctionExists.c.o  -o cmTC_216bd -rdynamic -lICE 
make[1]: Leaving directory '/home/savan/Workspace/Summer/class_projects/DataVisualizations/VectorViz/CMakeFiles/CMakeTmp'


Determining if the include file pthread.h exists passed with the following output:
Change Dir: /home/savan/Workspace/Summer/class_projects/DataVisualizations/VectorViz/CMakeFiles/CMakeTmp

Run Build Command:"/usr/bin/make" "cmTC_dd075/fast"
/usr/bin/make -f CMakeFiles/cmTC_dd075.dir/build.make CMakeFiles/cmTC_dd075.dir/build
make[1]: Entering directory '/home/savan/Workspace/Summer/class_projects/DataVisualizations/VectorViz/CMakeFiles/CMakeTmp'
Building C object CMakeFiles/cmTC_dd075.dir/CheckIncludeFile.c.o
/usr/bin/cc     -o CMakeFiles/cmTC_dd075.dir/CheckIncludeFile.c.o   -c /home/savan/Workspace/Summer/class_projects/DataVisualizations/VectorViz/CMakeFiles/CMakeTmp/CheckIncludeFile.c
Linking C executable cmTC_dd075
/usr/bin/cmake -E cmake_link_script CMakeFiles/cmTC_dd075.dir/link.txt --verbose=1
/usr/bin/cc       CMakeFiles/cmTC_dd075.dir/CheckIncludeFile.c.o  -o cmTC_dd075 -rdynamic 
make[1]: Leaving directory '/home/savan/Workspace/Summer/class_projects/DataVisualizations/VectorViz/CMakeFiles/CMakeTmp'


Determining if the function pthread_create exists in the pthread passed with the following output:
Change Dir: /home/savan/Workspace/Summer/class_projects/DataVisualizations/VectorViz/CMakeFiles/CMakeTmp

Run Build Command:"/usr/bin/make" "cmTC_21fcf/fast"
/usr/bin/make -f CMakeFiles/cmTC_21fcf.dir/build.make CMakeFiles/cmTC_21fcf.dir/build
make[1]: Entering directory '/home/savan/Workspace/Summer/class_projects/DataVisualizations/VectorViz/CMakeFiles/CMakeTmp'
Building C object CMakeFiles/cmTC_21fcf.dir/CheckFunctionExists.c.o
/usr/bin/cc    -DCHECK_FUNCTION_EXISTS=pthread_create   -o CMakeFiles/cmTC_21fcf.dir/CheckFunctionExists.c.o   -c /usr/share/cmake-3.5/Modules/CheckFunctionExists.c
Linking C executable cmTC_21fcf
/usr/bin/cmake -E cmake_link_script CMakeFiles/cmTC_21fcf.dir/link.txt --verbose=1
/usr/bin/cc   -DCHECK_FUNCTION_EXISTS=pthread_create    CMakeFiles/cmTC_21fcf.dir/CheckFunctionExists.c.o  -o cmTC_21fcf -rdynamic -lpthread 
make[1]: Leaving directory '/home/savan/Workspace/Summer/class_projects/DataVisualizations/VectorViz/CMakeFiles/CMakeTmp'


