Determining if the pthread_create exist failed with the following output:
Change Dir: /home/savan/Workspace/CS544/csc544-savankiran/A07P01/CMakeFiles/CMakeTmp

Run Build Command:"/usr/bin/make" "cmTC_7b12f/fast"
/usr/bin/make -f CMakeFiles/cmTC_7b12f.dir/build.make CMakeFiles/cmTC_7b12f.dir/build
make[1]: Entering directory '/home/savan/Workspace/CS544/csc544-savankiran/A07P01/CMakeFiles/CMakeTmp'
Building C object CMakeFiles/cmTC_7b12f.dir/CheckSymbolExists.c.o
/usr/bin/cc     -o CMakeFiles/cmTC_7b12f.dir/CheckSymbolExists.c.o   -c /home/savan/Workspace/CS544/csc544-savankiran/A07P01/CMakeFiles/CMakeTmp/CheckSymbolExists.c
Linking C executable cmTC_7b12f
/usr/bin/cmake -E cmake_link_script CMakeFiles/cmTC_7b12f.dir/link.txt --verbose=1
/usr/bin/cc       CMakeFiles/cmTC_7b12f.dir/CheckSymbolExists.c.o  -o cmTC_7b12f -rdynamic 
CMakeFiles/cmTC_7b12f.dir/CheckSymbolExists.c.o:CheckSymbolExists.c:function main: error: undefined reference to 'pthread_create'
collect2: error: ld returned 1 exit status
CMakeFiles/cmTC_7b12f.dir/build.make:97: recipe for target 'cmTC_7b12f' failed
make[1]: *** [cmTC_7b12f] Error 1
make[1]: Leaving directory '/home/savan/Workspace/CS544/csc544-savankiran/A07P01/CMakeFiles/CMakeTmp'
Makefile:126: recipe for target 'cmTC_7b12f/fast' failed
make: *** [cmTC_7b12f/fast] Error 2

File /home/savan/Workspace/CS544/csc544-savankiran/A07P01/CMakeFiles/CMakeTmp/CheckSymbolExists.c:
/* */
#include <pthread.h>

int main(int argc, char** argv)
{
  (void)argv;
#ifndef pthread_create
  return ((int*)(&pthread_create))[argc];
#else
  (void)argc;
  return 0;
#endif
}

Determining if the function pthread_create exists in the pthreads failed with the following output:
Change Dir: /home/savan/Workspace/CS544/csc544-savankiran/A07P01/CMakeFiles/CMakeTmp

Run Build Command:"/usr/bin/make" "cmTC_7f807/fast"
/usr/bin/make -f CMakeFiles/cmTC_7f807.dir/build.make CMakeFiles/cmTC_7f807.dir/build
make[1]: Entering directory '/home/savan/Workspace/CS544/csc544-savankiran/A07P01/CMakeFiles/CMakeTmp'
Building C object CMakeFiles/cmTC_7f807.dir/CheckFunctionExists.c.o
/usr/bin/cc    -DCHECK_FUNCTION_EXISTS=pthread_create   -o CMakeFiles/cmTC_7f807.dir/CheckFunctionExists.c.o   -c /usr/share/cmake-3.5/Modules/CheckFunctionExists.c
Linking C executable cmTC_7f807
/usr/bin/cmake -E cmake_link_script CMakeFiles/cmTC_7f807.dir/link.txt --verbose=1
/usr/bin/cc   -DCHECK_FUNCTION_EXISTS=pthread_create    CMakeFiles/cmTC_7f807.dir/CheckFunctionExists.c.o  -o cmTC_7f807 -rdynamic -lpthreads 
/usr/bin/ld: error: cannot find -lpthreads
CMakeFiles/cmTC_7f807.dir/CheckFunctionExists.c.o:CheckFunctionExists.c:function main: error: undefined reference to 'pthread_create'
collect2: error: ld returned 1 exit status
CMakeFiles/cmTC_7f807.dir/build.make:97: recipe for target 'cmTC_7f807' failed
make[1]: *** [cmTC_7f807] Error 1
make[1]: Leaving directory '/home/savan/Workspace/CS544/csc544-savankiran/A07P01/CMakeFiles/CMakeTmp'
Makefile:126: recipe for target 'cmTC_7f807/fast' failed
make: *** [cmTC_7f807/fast] Error 2


Determining if the pthread_create exist failed with the following output:
Change Dir: /home/savan/Workspace/Summer/class_projects/DataVisualizations/VectorViz/CMakeFiles/CMakeTmp

Run Build Command:"/usr/bin/make" "cmTC_dc19e/fast"
/usr/bin/make -f CMakeFiles/cmTC_dc19e.dir/build.make CMakeFiles/cmTC_dc19e.dir/build
make[1]: Entering directory '/home/savan/Workspace/Summer/class_projects/DataVisualizations/VectorViz/CMakeFiles/CMakeTmp'
Building C object CMakeFiles/cmTC_dc19e.dir/CheckSymbolExists.c.o
/usr/bin/cc     -o CMakeFiles/cmTC_dc19e.dir/CheckSymbolExists.c.o   -c /home/savan/Workspace/Summer/class_projects/DataVisualizations/VectorViz/CMakeFiles/CMakeTmp/CheckSymbolExists.c
Linking C executable cmTC_dc19e
/usr/bin/cmake -E cmake_link_script CMakeFiles/cmTC_dc19e.dir/link.txt --verbose=1
/usr/bin/cc       CMakeFiles/cmTC_dc19e.dir/CheckSymbolExists.c.o  -o cmTC_dc19e -rdynamic 
CMakeFiles/cmTC_dc19e.dir/CheckSymbolExists.c.o:CheckSymbolExists.c:function main: error: undefined reference to 'pthread_create'
collect2: error: ld returned 1 exit status
CMakeFiles/cmTC_dc19e.dir/build.make:97: recipe for target 'cmTC_dc19e' failed
make[1]: *** [cmTC_dc19e] Error 1
make[1]: Leaving directory '/home/savan/Workspace/Summer/class_projects/DataVisualizations/VectorViz/CMakeFiles/CMakeTmp'
Makefile:126: recipe for target 'cmTC_dc19e/fast' failed
make: *** [cmTC_dc19e/fast] Error 2

File /home/savan/Workspace/Summer/class_projects/DataVisualizations/VectorViz/CMakeFiles/CMakeTmp/CheckSymbolExists.c:
/* */
#include <pthread.h>

int main(int argc, char** argv)
{
  (void)argv;
#ifndef pthread_create
  return ((int*)(&pthread_create))[argc];
#else
  (void)argc;
  return 0;
#endif
}

Determining if the function pthread_create exists in the pthreads failed with the following output:
Change Dir: /home/savan/Workspace/Summer/class_projects/DataVisualizations/VectorViz/CMakeFiles/CMakeTmp

Run Build Command:"/usr/bin/make" "cmTC_6d734/fast"
/usr/bin/make -f CMakeFiles/cmTC_6d734.dir/build.make CMakeFiles/cmTC_6d734.dir/build
make[1]: Entering directory '/home/savan/Workspace/Summer/class_projects/DataVisualizations/VectorViz/CMakeFiles/CMakeTmp'
Building C object CMakeFiles/cmTC_6d734.dir/CheckFunctionExists.c.o
/usr/bin/cc    -DCHECK_FUNCTION_EXISTS=pthread_create   -o CMakeFiles/cmTC_6d734.dir/CheckFunctionExists.c.o   -c /usr/share/cmake-3.5/Modules/CheckFunctionExists.c
Linking C executable cmTC_6d734
/usr/bin/cmake -E cmake_link_script CMakeFiles/cmTC_6d734.dir/link.txt --verbose=1
/usr/bin/cc   -DCHECK_FUNCTION_EXISTS=pthread_create    CMakeFiles/cmTC_6d734.dir/CheckFunctionExists.c.o  -o cmTC_6d734 -rdynamic -lpthreads 
/usr/bin/ld: error: cannot find -lpthreads
CMakeFiles/cmTC_6d734.dir/CheckFunctionExists.c.o:CheckFunctionExists.c:function main: error: undefined reference to 'pthread_create'
collect2: error: ld returned 1 exit status
CMakeFiles/cmTC_6d734.dir/build.make:97: recipe for target 'cmTC_6d734' failed
make[1]: *** [cmTC_6d734] Error 1
make[1]: Leaving directory '/home/savan/Workspace/Summer/class_projects/DataVisualizations/VectorViz/CMakeFiles/CMakeTmp'
Makefile:126: recipe for target 'cmTC_6d734/fast' failed
make: *** [cmTC_6d734/fast] Error 2


